

08:15:37 ðŸ”¥ðŸ”¥ðŸ”¥ Session Started. Logger Setup Complete. ðŸ”¥ðŸ”¥ðŸ”¥ 


08:15:37 ðŸ‘‰ function 'general_setup' started ðŸ‘ˆ 

08:15:42 ðŸ‘‰ function 'render_svg' started ðŸ‘ˆ 
08:15:42 â± execution time of 'render_svg': 0.0160 s â± 

08:15:43 ðŸ‘‰ function 'get_commit_message_date' started ðŸ‘ˆ 
08:15:47 â± execution time of 'get_commit_message_date': 4.0000 s â± 

08:15:47 ðŸ‘‰ function 'get_all_user_data' started ðŸ‘ˆ 

08:15:47 ðŸ‘‰ function 'connect_database' started ðŸ‘ˆ 
08:15:47 ðŸ¥³ user_authentication -> connect_database -> line: 124 | Deta-Database connection established ðŸ¥³ 
08:15:47 â± execution time of 'connect_database': 0.0160 s â± 
08:15:47 ðŸ¥³ user_authentication -> get_all_user_data -> line: 158 | Collected all user data from Database ðŸ¥³ 
08:15:47 â± execution time of 'get_all_user_data': 0.2660 s â± 

08:15:47 ðŸ¦¤ðŸ¦¤ðŸ¦¤ Initial Setup Complete ðŸ¦¤ðŸ¦¤ðŸ¦¤ 

08:15:47 â± execution time of 'general_setup': 9.8910 s â± 

08:15:47 ðŸ‘‰ function 'page_header_setup' started ðŸ‘ˆ 

08:15:47 ðŸ‘‰ function 'render_svg' started ðŸ‘ˆ 
08:15:47 â± execution time of 'render_svg': 0.0000 s â± 
08:15:47 ðŸ‘Ÿ setup_stuff -> page_header_setup -> line: 159 | page header for page 'login' created ðŸ‘Ÿ 
08:15:47 â± execution time of 'page_header_setup': 0.0470 s â± 

08:15:47 ðŸ‘‰ function 'display_login_page' started ðŸ‘ˆ 

08:15:47 ðŸ‘‰ function 'login_section' started ðŸ‘ˆ 
08:15:47 â± execution time of 'login_section': 0.0150 s â± 
08:15:47 â± execution time of 'display_login_page': 0.0310 s â± 
08:15:47 ðŸ¥³ 00_ðŸ”‘_login -> <module> -> line: 149 | Login Page Loaded ðŸ¥³ 


08:15:54 âœ¨ NEW RUN âœ¨ 

08:15:54 ðŸ‘‰ function 'page_header_setup' started ðŸ‘ˆ 

08:15:54 ðŸ‘‰ function 'render_svg' started ðŸ‘ˆ 
08:15:54 â± execution time of 'render_svg': 0.0000 s â± 
08:15:55 ðŸ‘Ÿ setup_stuff -> page_header_setup -> line: 159 | page header for page 'login' created ðŸ‘Ÿ 
08:15:55 â± execution time of 'page_header_setup': 0.0160 s â± 

08:15:55 ðŸ‘‰ function 'display_login_page' started ðŸ‘ˆ 

08:15:55 ðŸ‘‰ function 'login_section' started ðŸ‘ˆ 

08:15:55 ðŸ‘‰ function 'access_granted' started ðŸ‘ˆ 
08:15:55 ðŸ¥³ 00_ðŸ”‘_login -> access_granted -> line: 92 | logged in as: fl, access level: god ðŸ¥³ 

08:15:55 ðŸ‘‰ function 'god_mode' started ðŸ‘ˆ 

08:15:55 ðŸ‘‰ function 'user_accounts' started ðŸ‘ˆ 
08:15:55 â± execution time of 'user_accounts': 0.0000 s â± 
08:15:55 â± execution time of 'god_mode': 0.0000 s â± 
08:15:55 â± execution time of 'access_granted': 0.0150 s â± 
08:15:55 â± execution time of 'login_section': 0.0150 s â± 
08:15:55 â± execution time of 'display_login_page': 0.0310 s â± 
08:15:55 ðŸ¥³ 00_ðŸ”‘_login -> <module> -> line: 149 | Login Page Loaded ðŸ¥³ 


08:15:55 âœ¨ NEW RUN âœ¨ 

08:15:55 ðŸ‘‰ function 'page_header_setup' started ðŸ‘ˆ 

08:15:55 ðŸ‘‰ function 'render_svg' started ðŸ‘ˆ 
08:15:55 â± execution time of 'render_svg': 0.0000 s â± 
08:15:55 ðŸ‘Ÿ setup_stuff -> page_header_setup -> line: 159 | page header for page 'login' created ðŸ‘Ÿ 
08:15:55 â± execution time of 'page_header_setup': 0.0160 s â± 

08:15:55 ðŸ‘‰ function 'display_login_page' started ðŸ‘ˆ 

08:15:55 ðŸ‘‰ function 'login_section' started ðŸ‘ˆ 

08:15:55 ðŸ‘‰ function 'access_granted' started ðŸ‘ˆ 

08:15:55 ðŸ‘‰ function 'god_mode' started ðŸ‘ˆ 

08:15:55 ðŸ‘‰ function 'user_accounts' started ðŸ‘ˆ 
08:15:55 â± execution time of 'user_accounts': 0.0160 s â± 
08:15:55 â± execution time of 'god_mode': 0.0160 s â± 
08:15:55 â± execution time of 'access_granted': 0.0160 s â± 
08:15:55 â± execution time of 'login_section': 0.0160 s â± 
08:15:55 â± execution time of 'display_login_page': 0.0310 s â± 
08:15:55 ðŸ¥³ 00_ðŸ”‘_login -> <module> -> line: 149 | Login Page Loaded ðŸ¥³ 


08:16:01 âœ¨ NEW RUN âœ¨ 

08:16:01 ðŸ‘‰ function 'page_header_setup' started ðŸ‘ˆ 

08:16:01 ðŸ‘‰ function 'render_svg' started ðŸ‘ˆ 
08:16:01 â± execution time of 'render_svg': 0.0000 s â± 
08:16:01 ðŸ‘Ÿ setup_stuff -> page_header_setup -> line: 159 | page header for page 'login' created ðŸ‘Ÿ 
08:16:01 â± execution time of 'page_header_setup': 0.0000 s â± 

08:16:01 ðŸ‘‰ function 'display_login_page' started ðŸ‘ˆ 

08:16:01 ðŸ‘‰ function 'login_section' started ðŸ‘ˆ 

08:16:01 ðŸ‘‰ function 'access_granted' started ðŸ‘ˆ 

08:16:01 ðŸ‘‰ function 'god_mode' started ðŸ‘ˆ 

08:16:01 ðŸ‘‰ function 'user_accounts' started ðŸ‘ˆ 

08:16:01 ðŸ‘‰ function 'list_all_accounts' started ðŸ‘ˆ 

08:19:24 ðŸ‘‰ function 'start_end_time' started ðŸ‘ˆ 
08:19:24 â± execution time of 'start_end_time': 0.0000 s â± 


08:19:24 âœ¨ NEW RUN âœ¨ 

08:19:24 ðŸ‘‰ function 'page_header_setup' started ðŸ‘ˆ 

08:19:24 ðŸ‘‰ function 'render_svg' started ðŸ‘ˆ 
08:19:24 â± execution time of 'render_svg': 0.0000 s â± 
08:19:24 ðŸ‘Ÿ setup_stuff -> page_header_setup -> line: 159 | page header for page 'login' created ðŸ‘Ÿ 
08:19:24 â± execution time of 'page_header_setup': 0.0160 s â± 

08:19:24 ðŸ‘‰ function 'display_login_page' started ðŸ‘ˆ 

08:19:24 ðŸ‘‰ function 'login_section' started ðŸ‘ˆ 

08:19:24 ðŸ‘‰ function 'access_granted' started ðŸ‘ˆ 

08:19:24 ðŸ‘‰ function 'god_mode' started ðŸ‘ˆ 

08:19:24 ðŸ‘‰ function 'user_accounts' started ðŸ‘ˆ 
08:19:24 â± execution time of 'user_accounts': 0.0160 s â± 
08:19:24 â± execution time of 'god_mode': 0.0160 s â± 
08:19:24 â± execution time of 'access_granted': 0.0160 s â± 
08:19:24 â± execution time of 'login_section': 0.0160 s â± 
08:19:24 â± execution time of 'display_login_page': 0.0310 s â± 
08:19:24 ðŸ¥³ 00_ðŸ”‘_login -> <module> -> line: 149 | Login Page Loaded ðŸ¥³ 


08:19:28 âœ¨ NEW RUN âœ¨ 

08:19:28 ðŸ‘‰ function 'page_header_setup' started ðŸ‘ˆ 

08:19:28 ðŸ‘‰ function 'render_svg' started ðŸ‘ˆ 
08:19:28 â± execution time of 'render_svg': 0.0000 s â± 
08:19:28 ðŸ‘Ÿ setup_stuff -> page_header_setup -> line: 159 | page header for page 'login' created ðŸ‘Ÿ 
08:19:28 â± execution time of 'page_header_setup': 0.0000 s â± 

08:19:28 ðŸ‘‰ function 'display_login_page' started ðŸ‘ˆ 

08:19:28 ðŸ‘‰ function 'login_section' started ðŸ‘ˆ 

08:19:28 ðŸ‘‰ function 'access_granted' started ðŸ‘ˆ 

08:19:28 ðŸ‘‰ function 'god_mode' started ðŸ‘ˆ 

08:19:28 ðŸ‘‰ function 'user_accounts' started ðŸ‘ˆ 

08:19:28 ðŸ‘‰ function 'list_all_accounts' started ðŸ‘ˆ 

08:19:47 ðŸ‘‰ function 'start_end_time' started ðŸ‘ˆ 
08:19:47 â± execution time of 'start_end_time': 0.0000 s â± 


08:19:47 âœ¨ NEW RUN âœ¨ 

08:19:47 ðŸ‘‰ function 'page_header_setup' started ðŸ‘ˆ 

08:19:47 ðŸ‘‰ function 'render_svg' started ðŸ‘ˆ 
08:19:47 â± execution time of 'render_svg': 0.0000 s â± 
08:19:47 ðŸ‘Ÿ setup_stuff -> page_header_setup -> line: 159 | page header for page 'login' created ðŸ‘Ÿ 
08:19:47 â± execution time of 'page_header_setup': 0.0000 s â± 

08:19:47 ðŸ‘‰ function 'display_login_page' started ðŸ‘ˆ 

08:19:47 ðŸ‘‰ function 'login_section' started ðŸ‘ˆ 

08:19:47 ðŸ‘‰ function 'access_granted' started ðŸ‘ˆ 

08:19:47 ðŸ‘‰ function 'god_mode' started ðŸ‘ˆ 

08:19:47 ðŸ‘‰ function 'user_accounts' started ðŸ‘ˆ 
08:19:47 â± execution time of 'user_accounts': 0.0000 s â± 
08:19:47 â± execution time of 'god_mode': 0.0000 s â± 
08:19:47 â± execution time of 'access_granted': 0.0000 s â± 
08:19:47 â± execution time of 'login_section': 0.0000 s â± 
08:19:47 â± execution time of 'display_login_page': 0.0320 s â± 
08:19:47 ðŸ¥³ 00_ðŸ”‘_login -> <module> -> line: 149 | Login Page Loaded ðŸ¥³ 


08:19:49 âœ¨ NEW RUN âœ¨ 

08:19:49 ðŸ‘‰ function 'page_header_setup' started ðŸ‘ˆ 

08:19:49 ðŸ‘‰ function 'render_svg' started ðŸ‘ˆ 
08:19:49 â± execution time of 'render_svg': 0.0000 s â± 
08:19:49 ðŸ‘Ÿ setup_stuff -> page_header_setup -> line: 159 | page header for page 'login' created ðŸ‘Ÿ 
08:19:49 â± execution time of 'page_header_setup': 0.0150 s â± 

08:19:49 ðŸ‘‰ function 'display_login_page' started ðŸ‘ˆ 

08:19:49 ðŸ‘‰ function 'login_section' started ðŸ‘ˆ 

08:19:49 ðŸ‘‰ function 'access_granted' started ðŸ‘ˆ 

08:19:49 ðŸ‘‰ function 'god_mode' started ðŸ‘ˆ 

08:19:49 ðŸ‘‰ function 'user_accounts' started ðŸ‘ˆ 

08:19:49 ðŸ‘‰ function 'list_all_accounts' started ðŸ‘ˆ 

08:25:55 ðŸ‘‰ function 'start_end_time' started ðŸ‘ˆ 
08:25:55 â± execution time of 'start_end_time': 0.0000 s â± 


08:25:55 âœ¨ NEW RUN âœ¨ 

08:25:55 ðŸ‘‰ function 'page_header_setup' started ðŸ‘ˆ 

08:25:55 ðŸ‘‰ function 'render_svg' started ðŸ‘ˆ 
08:25:55 â± execution time of 'render_svg': 0.0000 s â± 
08:25:55 ðŸ‘Ÿ setup_stuff -> page_header_setup -> line: 159 | page header for page 'login' created ðŸ‘Ÿ 
08:25:55 â± execution time of 'page_header_setup': 0.0160 s â± 

08:25:55 ðŸ‘‰ function 'display_login_page' started ðŸ‘ˆ 

08:25:55 ðŸ‘‰ function 'login_section' started ðŸ‘ˆ 

08:25:55 ðŸ‘‰ function 'access_granted' started ðŸ‘ˆ 

08:25:55 ðŸ‘‰ function 'god_mode' started ðŸ‘ˆ 

08:25:55 ðŸ‘‰ function 'user_accounts' started ðŸ‘ˆ 
08:25:55 â± execution time of 'user_accounts': 0.0150 s â± 
08:25:55 â± execution time of 'god_mode': 0.0150 s â± 
08:25:55 â± execution time of 'access_granted': 0.0150 s â± 
08:25:55 â± execution time of 'login_section': 0.0150 s â± 
08:25:55 â± execution time of 'display_login_page': 0.0310 s â± 
08:25:55 ðŸ¥³ 00_ðŸ”‘_login -> <module> -> line: 149 | Login Page Loaded ðŸ¥³ 


08:25:57 âœ¨ NEW RUN âœ¨ 

08:25:57 ðŸ‘‰ function 'page_header_setup' started ðŸ‘ˆ 

08:25:57 ðŸ‘‰ function 'render_svg' started ðŸ‘ˆ 
08:25:57 â± execution time of 'render_svg': 0.0000 s â± 
08:25:57 ðŸ‘Ÿ setup_stuff -> page_header_setup -> line: 159 | page header for page 'login' created ðŸ‘Ÿ 
08:25:57 â± execution time of 'page_header_setup': 0.0000 s â± 

08:25:57 ðŸ‘‰ function 'display_login_page' started ðŸ‘ˆ 

08:25:57 ðŸ‘‰ function 'login_section' started ðŸ‘ˆ 

08:25:57 ðŸ‘‰ function 'access_granted' started ðŸ‘ˆ 

08:25:57 ðŸ‘‰ function 'god_mode' started ðŸ‘ˆ 

08:25:57 ðŸ‘‰ function 'user_accounts' started ðŸ‘ˆ 

08:25:57 ðŸ‘‰ function 'list_all_accounts' started ðŸ‘ˆ 
08:25:57 â± execution time of 'list_all_accounts': 0.2820 s â± 
08:25:57 â± execution time of 'user_accounts': 0.2820 s â± 
08:25:57 â± execution time of 'god_mode': 0.2820 s â± 
08:25:57 â± execution time of 'access_granted': 0.2970 s â± 
08:25:57 â± execution time of 'login_section': 0.2970 s â± 
08:25:57 â± execution time of 'display_login_page': 0.3120 s â± 
08:25:57 ðŸ¥³ 00_ðŸ”‘_login -> <module> -> line: 149 | Login Page Loaded ðŸ¥³ 


08:26:23 âœ¨ NEW RUN âœ¨ 

08:26:23 ðŸ‘‰ function 'page_header_setup' started ðŸ‘ˆ 

08:26:23 ðŸ‘‰ function 'render_svg' started ðŸ‘ˆ 
08:26:23 â± execution time of 'render_svg': 0.0000 s â± 
08:26:23 ðŸ‘Ÿ setup_stuff -> page_header_setup -> line: 159 | page header for page 'login' created ðŸ‘Ÿ 
08:26:23 â± execution time of 'page_header_setup': 0.0160 s â± 

08:26:23 ðŸ‘‰ function 'display_login_page' started ðŸ‘ˆ 

08:26:23 ðŸ‘‰ function 'login_section' started ðŸ‘ˆ 

08:26:23 ðŸ‘‰ function 'access_granted' started ðŸ‘ˆ 

08:26:23 ðŸ‘‰ function 'god_mode' started ðŸ‘ˆ 

08:26:23 ðŸ‘‰ function 'user_accounts' started ðŸ‘ˆ 

08:26:23 ðŸ‘‰ function 'new_user_form' started ðŸ‘ˆ 
08:26:23 â± execution time of 'new_user_form': 0.0000 s â± 
08:26:23 â± execution time of 'user_accounts': 0.0000 s â± 
08:26:23 â± execution time of 'god_mode': 0.0000 s â± 
08:26:23 â± execution time of 'access_granted': 0.0000 s â± 
08:26:23 â± execution time of 'login_section': 0.0160 s â± 
08:26:23 â± execution time of 'display_login_page': 0.0310 s â± 
08:26:23 ðŸ¥³ 00_ðŸ”‘_login -> <module> -> line: 149 | Login Page Loaded ðŸ¥³ 


08:26:51 âœ¨ NEW RUN âœ¨ 

08:26:51 ðŸ‘‰ function 'page_header_setup' started ðŸ‘ˆ 

08:26:51 ðŸ‘‰ function 'render_svg' started ðŸ‘ˆ 
08:26:51 â± execution time of 'render_svg': 0.0160 s â± 
08:26:51 ðŸ‘Ÿ setup_stuff -> page_header_setup -> line: 159 | page header for page 'login' created ðŸ‘Ÿ 
08:26:51 â± execution time of 'page_header_setup': 0.0160 s â± 

08:26:51 ðŸ‘‰ function 'display_login_page' started ðŸ‘ˆ 

08:26:51 ðŸ‘‰ function 'login_section' started ðŸ‘ˆ 

08:26:51 ðŸ‘‰ function 'access_granted' started ðŸ‘ˆ 

08:26:51 ðŸ‘‰ function 'god_mode' started ðŸ‘ˆ 

08:26:51 ðŸ‘‰ function 'user_accounts' started ðŸ‘ˆ 
08:26:51 â± execution time of 'user_accounts': 0.0000 s â± 

08:29:28 ðŸ‘‰ function 'start_end_time' started ðŸ‘ˆ 
08:29:28 â± execution time of 'start_end_time': 0.0000 s â± 


08:29:28 âœ¨ NEW RUN âœ¨ 

08:29:28 ðŸ‘‰ function 'page_header_setup' started ðŸ‘ˆ 

08:29:28 ðŸ‘‰ function 'render_svg' started ðŸ‘ˆ 
08:29:28 â± execution time of 'render_svg': 0.0000 s â± 
08:29:28 ðŸ‘Ÿ setup_stuff -> page_header_setup -> line: 159 | page header for page 'login' created ðŸ‘Ÿ 
08:29:28 â± execution time of 'page_header_setup': 0.0150 s â± 

08:29:28 ðŸ‘‰ function 'display_login_page' started ðŸ‘ˆ 

08:29:28 ðŸ‘‰ function 'login_section' started ðŸ‘ˆ 

08:29:28 ðŸ‘‰ function 'access_granted' started ðŸ‘ˆ 

08:29:28 ðŸ‘‰ function 'god_mode' started ðŸ‘ˆ 

08:29:28 ðŸ‘‰ function 'user_accounts' started ðŸ‘ˆ 
08:29:28 â± execution time of 'user_accounts': 0.0000 s â± 
08:29:28 â± execution time of 'god_mode': 0.0160 s â± 
08:29:28 â± execution time of 'access_granted': 0.0160 s â± 
08:29:28 â± execution time of 'login_section': 0.0160 s â± 
08:29:28 â± execution time of 'display_login_page': 0.0320 s â± 
08:29:28 ðŸ¥³ 00_ðŸ”‘_login -> <module> -> line: 149 | Login Page Loaded ðŸ¥³ 


08:29:30 âœ¨ NEW RUN âœ¨ 

08:29:30 ðŸ‘‰ function 'page_header_setup' started ðŸ‘ˆ 

08:29:30 ðŸ‘‰ function 'render_svg' started ðŸ‘ˆ 
08:29:30 â± execution time of 'render_svg': 0.0150 s â± 
08:29:30 ðŸ‘Ÿ setup_stuff -> page_header_setup -> line: 159 | page header for page 'login' created ðŸ‘Ÿ 
08:29:30 â± execution time of 'page_header_setup': 0.0150 s â± 

08:29:30 ðŸ‘‰ function 'display_login_page' started ðŸ‘ˆ 

08:29:30 ðŸ‘‰ function 'login_section' started ðŸ‘ˆ 

08:29:30 ðŸ‘‰ function 'access_granted' started ðŸ‘ˆ 

08:29:30 ðŸ‘‰ function 'god_mode' started ðŸ‘ˆ 

08:29:30 ðŸ‘‰ function 'user_accounts' started ðŸ‘ˆ 

08:29:30 ðŸ‘‰ function 'new_user_form' started ðŸ‘ˆ 
08:29:30 â± execution time of 'new_user_form': 0.0160 s â± 
08:29:30 â± execution time of 'user_accounts': 0.0160 s â± 
08:29:30 â± execution time of 'god_mode': 0.0160 s â± 
08:29:30 â± execution time of 'access_granted': 0.0160 s â± 
08:29:30 â± execution time of 'login_section': 0.0160 s â± 
08:29:30 â± execution time of 'display_login_page': 0.0160 s â± 
08:29:30 ðŸ¥³ 00_ðŸ”‘_login -> <module> -> line: 149 | Login Page Loaded ðŸ¥³ 


08:29:56 âœ¨ NEW RUN âœ¨ 

08:29:56 ðŸ‘‰ function 'page_header_setup' started ðŸ‘ˆ 

08:29:56 ðŸ‘‰ function 'render_svg' started ðŸ‘ˆ 
08:29:56 â± execution time of 'render_svg': 0.0000 s â± 
08:29:56 ðŸ‘Ÿ setup_stuff -> page_header_setup -> line: 159 | page header for page 'login' created ðŸ‘Ÿ 
08:29:56 â± execution time of 'page_header_setup': 0.0310 s â± 

08:29:56 ðŸ‘‰ function 'display_login_page' started ðŸ‘ˆ 

08:29:56 ðŸ‘‰ function 'login_section' started ðŸ‘ˆ 

08:29:56 ðŸ‘‰ function 'access_granted' started ðŸ‘ˆ 

08:29:56 ðŸ‘‰ function 'god_mode' started ðŸ‘ˆ 

08:29:56 ðŸ‘‰ function 'user_accounts' started ðŸ‘ˆ 
08:29:56 â± execution time of 'user_accounts': 0.0160 s â± 

08:29:56 ðŸ‘‰ function 'insert_new_user' started ðŸ‘ˆ 

08:29:56 ðŸ‘‰ function 'connect_database' started ðŸ‘ˆ 
08:29:56 ðŸ¥³ user_authentication -> connect_database -> line: 124 | Deta-Database connection established ðŸ¥³ 
08:29:56 â± execution time of 'connect_database': 0.0000 s â± 
08:29:57 â± execution time of 'insert_new_user': 0.3280 s â± 
08:29:57 â± execution time of 'god_mode': 0.3600 s â± 
08:29:57 â± execution time of 'access_granted': 0.3600 s â± 
08:29:57 â± execution time of 'login_section': 0.3600 s â± 
08:29:57 â± execution time of 'display_login_page': 0.3750 s â± 
08:29:57 ðŸ¥³ 00_ðŸ”‘_login -> <module> -> line: 149 | Login Page Loaded ðŸ¥³ 


08:35:28 âœ¨ NEW RUN âœ¨ 

08:35:28 ðŸ‘‰ function 'page_header_setup' started ðŸ‘ˆ 

08:35:28 ðŸ‘‰ function 'render_svg' started ðŸ‘ˆ 
08:35:28 â± execution time of 'render_svg': 0.0160 s â± 
08:35:28 ðŸ‘Ÿ setup_stuff -> page_header_setup -> line: 159 | page header for page 'login' created ðŸ‘Ÿ 
08:35:28 â± execution time of 'page_header_setup': 0.0160 s â± 

08:35:28 ðŸ‘‰ function 'display_login_page' started ðŸ‘ˆ 

08:35:28 ðŸ‘‰ function 'login_section' started ðŸ‘ˆ 

08:35:28 ðŸ‘‰ function 'access_granted' started ðŸ‘ˆ 

08:35:28 ðŸ‘‰ function 'god_mode' started ðŸ‘ˆ 

08:35:28 ðŸ‘‰ function 'user_accounts' started ðŸ‘ˆ 

08:35:28 ðŸ‘‰ function 'list_all_accounts' started ðŸ‘ˆ 
08:35:28 â± execution time of 'list_all_accounts': 0.0000 s â± 
08:35:28 â± execution time of 'user_accounts': 0.0150 s â± 
08:35:28 â± execution time of 'god_mode': 0.0150 s â± 
08:35:28 â± execution time of 'access_granted': 0.0150 s â± 
08:35:28 â± execution time of 'login_section': 0.0150 s â± 
08:35:28 â± execution time of 'display_login_page': 0.0310 s â± 
08:35:28 ðŸ¥³ 00_ðŸ”‘_login -> <module> -> line: 149 | Login Page Loaded ðŸ¥³ 

08:35:37 ðŸ‘‰ function 'start_end_time' started ðŸ‘ˆ 
08:35:37 â± execution time of 'start_end_time': 0.0000 s â± 


08:35:38 âœ¨ NEW RUN âœ¨ 

08:35:38 ðŸ‘‰ function 'page_header_setup' started ðŸ‘ˆ 

08:35:38 ðŸ‘‰ function 'render_svg' started ðŸ‘ˆ 
08:35:38 â± execution time of 'render_svg': 0.0160 s â± 
08:35:38 ðŸ‘Ÿ setup_stuff -> page_header_setup -> line: 159 | page header for page 'login' created ðŸ‘Ÿ 
08:35:38 â± execution time of 'page_header_setup': 0.0160 s â± 

08:35:38 ðŸ‘‰ function 'display_login_page' started ðŸ‘ˆ 

08:35:38 ðŸ‘‰ function 'login_section' started ðŸ‘ˆ 

08:35:38 ðŸ‘‰ function 'access_granted' started ðŸ‘ˆ 

08:35:38 ðŸ‘‰ function 'god_mode' started ðŸ‘ˆ 

08:35:38 ðŸ‘‰ function 'user_accounts' started ðŸ‘ˆ 

08:35:38 ðŸ‘‰ function 'list_all_accounts' started ðŸ‘ˆ 
08:35:38 â± execution time of 'list_all_accounts': 0.0000 s â± 
08:35:38 â± execution time of 'user_accounts': 0.0160 s â± 
08:35:38 â± execution time of 'god_mode': 0.0160 s â± 
08:35:38 â± execution time of 'access_granted': 0.0160 s â± 
08:35:38 â± execution time of 'login_section': 0.0160 s â± 
08:35:38 â± execution time of 'display_login_page': 0.0310 s â± 
08:35:38 ðŸ¥³ 00_ðŸ”‘_login -> <module> -> line: 149 | Login Page Loaded ðŸ¥³ 


08:35:49 âœ¨ NEW RUN âœ¨ 

08:35:49 ðŸ‘‰ function 'page_header_setup' started ðŸ‘ˆ 

08:35:49 ðŸ‘‰ function 'render_svg' started ðŸ‘ˆ 
08:35:49 â± execution time of 'render_svg': 0.0000 s â± 
08:35:49 ðŸ‘Ÿ setup_stuff -> page_header_setup -> line: 159 | page header for page 'login' created ðŸ‘Ÿ 
08:35:49 â± execution time of 'page_header_setup': 0.0000 s â± 

08:35:49 ðŸ‘‰ function 'display_login_page' started ðŸ‘ˆ 

08:35:49 ðŸ‘‰ function 'login_section' started ðŸ‘ˆ 

08:35:49 ðŸ‘‰ function 'access_granted' started ðŸ‘ˆ 

08:35:49 ðŸ‘‰ function 'god_mode' started ðŸ‘ˆ 

08:35:49 ðŸ‘‰ function 'user_accounts' started ðŸ‘ˆ 
08:35:49 â± execution time of 'user_accounts': 0.0000 s â± 
08:35:49 â± execution time of 'god_mode': 0.0000 s â± 
08:35:49 â± execution time of 'access_granted': 0.0000 s â± 
08:35:49 â± execution time of 'login_section': 0.0000 s â± 
08:35:49 â± execution time of 'display_login_page': 0.0150 s â± 
08:35:49 ðŸ¥³ 00_ðŸ”‘_login -> <module> -> line: 149 | Login Page Loaded ðŸ¥³ 


08:35:55 âœ¨ NEW RUN âœ¨ 

08:35:55 ðŸ‘‰ function 'page_header_setup' started ðŸ‘ˆ 

08:35:55 ðŸ‘‰ function 'render_svg' started ðŸ‘ˆ 
08:35:55 â± execution time of 'render_svg': 0.0000 s â± 
08:35:55 ðŸ‘Ÿ setup_stuff -> page_header_setup -> line: 159 | page header for page 'login' created ðŸ‘Ÿ 
08:35:55 â± execution time of 'page_header_setup': 0.0150 s â± 

08:35:55 ðŸ‘‰ function 'display_login_page' started ðŸ‘ˆ 

08:35:55 ðŸ‘‰ function 'login_section' started ðŸ‘ˆ 

08:35:55 ðŸ‘‰ function 'access_granted' started ðŸ‘ˆ 

08:35:55 ðŸ‘‰ function 'god_mode' started ðŸ‘ˆ 

08:35:55 ðŸ‘‰ function 'user_accounts' started ðŸ‘ˆ 

08:35:55 ðŸ‘‰ function 'list_all_accounts' started ðŸ‘ˆ 
08:35:55 â± execution time of 'list_all_accounts': 0.0160 s â± 
08:35:55 â± execution time of 'user_accounts': 0.0160 s â± 
08:35:55 â± execution time of 'god_mode': 0.0160 s â± 
08:35:55 â± execution time of 'access_granted': 0.0160 s â± 
08:35:55 â± execution time of 'login_section': 0.0160 s â± 
08:35:55 â± execution time of 'display_login_page': 0.0160 s â± 
08:35:55 ðŸ¥³ 00_ðŸ”‘_login -> <module> -> line: 149 | Login Page Loaded ðŸ¥³ 


08:36:07 âœ¨ NEW RUN âœ¨ 

08:36:07 ðŸ‘‰ function 'page_header_setup' started ðŸ‘ˆ 

08:36:07 ðŸ‘‰ function 'render_svg' started ðŸ‘ˆ 
08:36:07 â± execution time of 'render_svg': 0.0000 s â± 
08:36:07 ðŸ‘Ÿ setup_stuff -> page_header_setup -> line: 159 | page header for page 'login' created ðŸ‘Ÿ 
08:36:07 â± execution time of 'page_header_setup': 0.0000 s â± 

08:36:07 ðŸ‘‰ function 'display_login_page' started ðŸ‘ˆ 

08:36:07 ðŸ‘‰ function 'login_section' started ðŸ‘ˆ 

08:36:07 ðŸ‘‰ function 'access_granted' started ðŸ‘ˆ 

08:36:07 ðŸ‘‰ function 'god_mode' started ðŸ‘ˆ 

08:36:07 ðŸ‘‰ function 'user_accounts' started ðŸ‘ˆ 

08:36:07 ðŸ‘‰ function 'delete_user_form' started ðŸ‘ˆ 

08:41:08 ðŸ‘‰ function 'start_end_time' started ðŸ‘ˆ 
08:41:08 â± execution time of 'start_end_time': 0.0000 s â± 


08:41:08 âœ¨ NEW RUN âœ¨ 

08:41:08 ðŸ‘‰ function 'page_header_setup' started ðŸ‘ˆ 

08:41:08 ðŸ‘‰ function 'render_svg' started ðŸ‘ˆ 
08:41:08 â± execution time of 'render_svg': 0.0160 s â± 
08:41:08 ðŸ‘Ÿ setup_stuff -> page_header_setup -> line: 159 | page header for page 'login' created ðŸ‘Ÿ 
08:41:08 â± execution time of 'page_header_setup': 0.0160 s â± 

08:41:08 ðŸ‘‰ function 'display_login_page' started ðŸ‘ˆ 

08:41:08 ðŸ‘‰ function 'login_section' started ðŸ‘ˆ 

08:41:08 ðŸ‘‰ function 'access_granted' started ðŸ‘ˆ 

08:41:08 ðŸ‘‰ function 'god_mode' started ðŸ‘ˆ 

08:41:08 ðŸ‘‰ function 'user_accounts' started ðŸ‘ˆ 
08:41:08 â± execution time of 'user_accounts': 0.0150 s â± 
08:41:08 â± execution time of 'god_mode': 0.0150 s â± 
08:41:08 â± execution time of 'access_granted': 0.0150 s â± 
08:41:08 â± execution time of 'login_section': 0.0150 s â± 
08:41:08 â± execution time of 'display_login_page': 0.0150 s â± 
08:41:08 ðŸ¥³ 00_ðŸ”‘_login -> <module> -> line: 149 | Login Page Loaded ðŸ¥³ 


08:41:10 âœ¨ NEW RUN âœ¨ 

08:41:10 ðŸ‘‰ function 'page_header_setup' started ðŸ‘ˆ 

08:41:10 ðŸ‘‰ function 'render_svg' started ðŸ‘ˆ 
08:41:10 â± execution time of 'render_svg': 0.0000 s â± 
08:41:10 ðŸ‘Ÿ setup_stuff -> page_header_setup -> line: 159 | page header for page 'login' created ðŸ‘Ÿ 
08:41:10 â± execution time of 'page_header_setup': 0.0150 s â± 

08:41:10 ðŸ‘‰ function 'display_login_page' started ðŸ‘ˆ 

08:41:10 ðŸ‘‰ function 'login_section' started ðŸ‘ˆ 

08:41:10 ðŸ‘‰ function 'access_granted' started ðŸ‘ˆ 

08:41:10 ðŸ‘‰ function 'god_mode' started ðŸ‘ˆ 

08:41:10 ðŸ‘‰ function 'user_accounts' started ðŸ‘ˆ 

08:41:10 ðŸ‘‰ function 'list_all_accounts' started ðŸ‘ˆ 

08:41:10 ðŸ‘‰ function 'get_all_user_data' started ðŸ‘ˆ 

08:41:10 ðŸ‘‰ function 'connect_database' started ðŸ‘ˆ 
08:41:10 ðŸ¥³ user_authentication -> connect_database -> line: 124 | Deta-Database connection established ðŸ¥³ 
08:41:10 â± execution time of 'connect_database': 0.0160 s â± 
08:41:11 ðŸ¥³ user_authentication -> get_all_user_data -> line: 158 | Collected all user data from Database ðŸ¥³ 
08:41:11 â± execution time of 'get_all_user_data': 0.1560 s â± 
08:41:11 â± execution time of 'list_all_accounts': 0.1560 s â± 
08:41:11 â± execution time of 'user_accounts': 0.1720 s â± 
08:41:11 â± execution time of 'god_mode': 0.1720 s â± 
08:41:11 â± execution time of 'access_granted': 0.1720 s â± 
08:41:11 â± execution time of 'login_section': 0.1880 s â± 
08:41:11 â± execution time of 'display_login_page': 0.1880 s â± 
08:41:11 ðŸ¥³ 00_ðŸ”‘_login -> <module> -> line: 149 | Login Page Loaded ðŸ¥³ 


08:41:20 âœ¨ NEW RUN âœ¨ 

08:41:20 ðŸ‘‰ function 'page_header_setup' started ðŸ‘ˆ 

08:41:20 ðŸ‘‰ function 'render_svg' started ðŸ‘ˆ 
08:41:20 â± execution time of 'render_svg': 0.0150 s â± 
08:41:20 ðŸ‘Ÿ setup_stuff -> page_header_setup -> line: 159 | page header for page 'login' created ðŸ‘Ÿ 
08:41:20 â± execution time of 'page_header_setup': 0.0150 s â± 

08:41:20 ðŸ‘‰ function 'display_login_page' started ðŸ‘ˆ 

08:41:20 ðŸ‘‰ function 'login_section' started ðŸ‘ˆ 

08:41:20 ðŸ‘‰ function 'access_granted' started ðŸ‘ˆ 

08:41:20 ðŸ‘‰ function 'god_mode' started ðŸ‘ˆ 

08:41:20 ðŸ‘‰ function 'user_accounts' started ðŸ‘ˆ 
08:41:20 â± execution time of 'user_accounts': 0.0160 s â± 
08:41:20 â± execution time of 'god_mode': 0.0160 s â± 
08:41:20 â± execution time of 'access_granted': 0.0160 s â± 
08:41:20 â± execution time of 'login_section': 0.0160 s â± 
08:41:20 â± execution time of 'display_login_page': 0.0320 s â± 
08:41:20 ðŸ¥³ 00_ðŸ”‘_login -> <module> -> line: 149 | Login Page Loaded ðŸ¥³ 


08:41:23 âœ¨ NEW RUN âœ¨ 

08:41:23 ðŸ‘‰ function 'page_header_setup' started ðŸ‘ˆ 

08:41:23 ðŸ‘‰ function 'render_svg' started ðŸ‘ˆ 
08:41:23 â± execution time of 'render_svg': 0.0000 s â± 
08:41:23 ðŸ‘Ÿ setup_stuff -> page_header_setup -> line: 159 | page header for page 'login' created ðŸ‘Ÿ 
08:41:23 â± execution time of 'page_header_setup': 0.0160 s â± 

08:41:23 ðŸ‘‰ function 'display_login_page' started ðŸ‘ˆ 

08:41:23 ðŸ‘‰ function 'login_section' started ðŸ‘ˆ 

08:41:23 ðŸ‘‰ function 'access_granted' started ðŸ‘ˆ 

08:41:23 ðŸ‘‰ function 'god_mode' started ðŸ‘ˆ 

08:41:23 ðŸ‘‰ function 'user_accounts' started ðŸ‘ˆ 

08:41:23 ðŸ‘‰ function 'delete_user_form' started ðŸ‘ˆ 

08:41:23 ðŸ‘‰ function 'get_all_user_data' started ðŸ‘ˆ 

08:41:23 ðŸ‘‰ function 'connect_database' started ðŸ‘ˆ 
08:41:23 ðŸ¥³ user_authentication -> connect_database -> line: 124 | Deta-Database connection established ðŸ¥³ 
08:41:23 â± execution time of 'connect_database': 0.0160 s â± 
08:41:23 ðŸ¥³ user_authentication -> get_all_user_data -> line: 158 | Collected all user data from Database ðŸ¥³ 
08:41:23 â± execution time of 'get_all_user_data': 0.1410 s â± 
08:41:23 â± execution time of 'delete_user_form': 0.1410 s â± 
08:41:23 â± execution time of 'user_accounts': 0.1410 s â± 
08:41:23 â± execution time of 'god_mode': 0.1410 s â± 
08:41:23 â± execution time of 'access_granted': 0.1410 s â± 
08:41:23 â± execution time of 'login_section': 0.1410 s â± 
08:41:23 â± execution time of 'display_login_page': 0.1560 s â± 
08:41:23 ðŸ¥³ 00_ðŸ”‘_login -> <module> -> line: 149 | Login Page Loaded ðŸ¥³ 


08:41:31 âœ¨ NEW RUN âœ¨ 

08:41:31 ðŸ‘‰ function 'page_header_setup' started ðŸ‘ˆ 

08:41:31 ðŸ‘‰ function 'render_svg' started ðŸ‘ˆ 
08:41:31 â± execution time of 'render_svg': 0.0000 s â± 
08:41:31 ðŸ‘Ÿ setup_stuff -> page_header_setup -> line: 159 | page header for page 'login' created ðŸ‘Ÿ 
08:41:31 â± execution time of 'page_header_setup': 0.0000 s â± 

08:41:31 ðŸ‘‰ function 'display_login_page' started ðŸ‘ˆ 

08:41:31 ðŸ‘‰ function 'login_section' started ðŸ‘ˆ 

08:41:31 ðŸ‘‰ function 'access_granted' started ðŸ‘ˆ 

08:41:31 ðŸ‘‰ function 'god_mode' started ðŸ‘ˆ 

08:41:31 ðŸ‘‰ function 'user_accounts' started ðŸ‘ˆ 
08:41:31 â± execution time of 'user_accounts': 0.0000 s â± 

08:41:31 ðŸ‘‰ function 'delete_user' started ðŸ‘ˆ 

08:54:01 ðŸ‘‰ function 'start_end_time' started ðŸ‘ˆ 
08:54:01 â± execution time of 'start_end_time': 0.0000 s â± 


08:54:01 âœ¨ NEW RUN âœ¨ 

08:54:01 ðŸ‘‰ function 'page_header_setup' started ðŸ‘ˆ 

08:54:01 ðŸ‘‰ function 'render_svg' started ðŸ‘ˆ 
08:54:01 â± execution time of 'render_svg': 0.0160 s â± 
08:54:01 ðŸ‘Ÿ setup_stuff -> page_header_setup -> line: 159 | page header for page 'login' created ðŸ‘Ÿ 
08:54:01 â± execution time of 'page_header_setup': 0.0160 s â± 

08:54:01 ðŸ‘‰ function 'display_login_page' started ðŸ‘ˆ 

08:54:01 ðŸ‘‰ function 'login_section' started ðŸ‘ˆ 

08:54:01 ðŸ‘‰ function 'access_granted' started ðŸ‘ˆ 

08:54:01 ðŸ‘‰ function 'god_mode' started ðŸ‘ˆ 

08:54:01 ðŸ‘‰ function 'user_accounts' started ðŸ‘ˆ 
08:54:01 â± execution time of 'user_accounts': 0.0160 s â± 
08:54:01 â± execution time of 'god_mode': 0.0160 s â± 
08:54:01 â± execution time of 'access_granted': 0.0160 s â± 
08:54:01 â± execution time of 'login_section': 0.0160 s â± 
08:54:01 â± execution time of 'display_login_page': 0.0310 s â± 
08:54:01 ðŸ¥³ 00_ðŸ”‘_login -> <module> -> line: 149 | Login Page Loaded ðŸ¥³ 


08:54:04 âœ¨ NEW RUN âœ¨ 

08:54:04 ðŸ‘‰ function 'page_header_setup' started ðŸ‘ˆ 

08:54:04 ðŸ‘‰ function 'render_svg' started ðŸ‘ˆ 
08:54:04 â± execution time of 'render_svg': 0.0000 s â± 
08:54:04 ðŸ‘Ÿ setup_stuff -> page_header_setup -> line: 159 | page header for page 'login' created ðŸ‘Ÿ 
08:54:04 â± execution time of 'page_header_setup': 0.0160 s â± 

08:54:04 ðŸ‘‰ function 'display_login_page' started ðŸ‘ˆ 

08:54:04 ðŸ‘‰ function 'login_section' started ðŸ‘ˆ 

08:54:04 ðŸ‘‰ function 'access_granted' started ðŸ‘ˆ 

08:54:04 ðŸ‘‰ function 'god_mode' started ðŸ‘ˆ 

08:54:04 ðŸ‘‰ function 'user_accounts' started ðŸ‘ˆ 

08:54:04 ðŸ‘‰ function 'delete_user_form' started ðŸ‘ˆ 

08:54:04 ðŸ‘‰ function 'get_all_user_data' started ðŸ‘ˆ 

08:54:04 ðŸ‘‰ function 'connect_database' started ðŸ‘ˆ 
08:54:04 ðŸ¥³ user_authentication -> connect_database -> line: 124 | Deta-Database connection established ðŸ¥³ 
08:54:04 â± execution time of 'connect_database': 0.0150 s â± 
08:54:04 ðŸ¥³ user_authentication -> get_all_user_data -> line: 158 | Collected all user data from Database ðŸ¥³ 
08:54:04 â± execution time of 'get_all_user_data': 0.1560 s â± 
08:54:04 â± execution time of 'delete_user_form': 0.1560 s â± 
08:54:04 â± execution time of 'user_accounts': 0.1560 s â± 
08:54:04 â± execution time of 'god_mode': 0.1560 s â± 
08:54:04 â± execution time of 'access_granted': 0.1560 s â± 
08:54:04 â± execution time of 'login_section': 0.1720 s â± 
08:54:04 â± execution time of 'display_login_page': 0.1720 s â± 
08:54:04 ðŸ¥³ 00_ðŸ”‘_login -> <module> -> line: 149 | Login Page Loaded ðŸ¥³ 


08:54:09 âœ¨ NEW RUN âœ¨ 

08:54:09 ðŸ‘‰ function 'page_header_setup' started ðŸ‘ˆ 

08:54:09 ðŸ‘‰ function 'render_svg' started ðŸ‘ˆ 
08:54:09 â± execution time of 'render_svg': 0.0000 s â± 
08:54:09 ðŸ‘Ÿ setup_stuff -> page_header_setup -> line: 159 | page header for page 'login' created ðŸ‘Ÿ 
08:54:09 â± execution time of 'page_header_setup': 0.0160 s â± 

08:54:09 ðŸ‘‰ function 'display_login_page' started ðŸ‘ˆ 

08:54:09 ðŸ‘‰ function 'login_section' started ðŸ‘ˆ 

08:54:09 ðŸ‘‰ function 'access_granted' started ðŸ‘ˆ 

08:54:09 ðŸ‘‰ function 'god_mode' started ðŸ‘ˆ 

08:54:09 ðŸ‘‰ function 'user_accounts' started ðŸ‘ˆ 
08:54:09 â± execution time of 'user_accounts': 0.0000 s â± 

08:54:09 ðŸ‘‰ function 'delete_user' started ðŸ‘ˆ 

08:54:09 ðŸ‘‰ function 'get_all_user_data' started ðŸ‘ˆ 

08:54:09 ðŸ‘‰ function 'connect_database' started ðŸ‘ˆ 
08:54:09 ðŸ¥³ user_authentication -> connect_database -> line: 124 | Deta-Database connection established ðŸ¥³ 
08:54:09 â± execution time of 'connect_database': 0.0150 s â± 
08:54:10 ðŸ¥³ user_authentication -> get_all_user_data -> line: 158 | Collected all user data from Database ðŸ¥³ 
08:54:10 â± execution time of 'get_all_user_data': 0.1250 s â± 

08:57:09 ðŸ‘‰ function 'start_end_time' started ðŸ‘ˆ 
08:57:09 â± execution time of 'start_end_time': 0.0150 s â± 


08:57:09 âœ¨ NEW RUN âœ¨ 

08:57:09 ðŸ‘‰ function 'page_header_setup' started ðŸ‘ˆ 

08:57:09 ðŸ‘‰ function 'render_svg' started ðŸ‘ˆ 
08:57:09 â± execution time of 'render_svg': 0.0000 s â± 
08:57:09 ðŸ‘Ÿ setup_stuff -> page_header_setup -> line: 159 | page header for page 'login' created ðŸ‘Ÿ 
08:57:09 â± execution time of 'page_header_setup': 0.0160 s â± 

08:57:09 ðŸ‘‰ function 'display_login_page' started ðŸ‘ˆ 

08:57:09 ðŸ‘‰ function 'login_section' started ðŸ‘ˆ 

08:57:09 ðŸ‘‰ function 'access_granted' started ðŸ‘ˆ 

08:57:09 ðŸ‘‰ function 'god_mode' started ðŸ‘ˆ 

08:57:09 ðŸ‘‰ function 'user_accounts' started ðŸ‘ˆ 
08:57:09 â± execution time of 'user_accounts': 0.0000 s â± 
08:57:09 â± execution time of 'god_mode': 0.0000 s â± 
08:57:09 â± execution time of 'access_granted': 0.0000 s â± 
08:57:09 â± execution time of 'login_section': 0.0000 s â± 
08:57:09 â± execution time of 'display_login_page': 0.0310 s â± 
08:57:09 ðŸ¥³ 00_ðŸ”‘_login -> <module> -> line: 149 | Login Page Loaded ðŸ¥³ 


08:57:11 âœ¨ NEW RUN âœ¨ 

08:57:11 ðŸ‘‰ function 'page_header_setup' started ðŸ‘ˆ 

08:57:11 ðŸ‘‰ function 'render_svg' started ðŸ‘ˆ 
08:57:11 â± execution time of 'render_svg': 0.0000 s â± 
08:57:11 ðŸ‘Ÿ setup_stuff -> page_header_setup -> line: 159 | page header for page 'login' created ðŸ‘Ÿ 
08:57:11 â± execution time of 'page_header_setup': 0.0000 s â± 

08:57:11 ðŸ‘‰ function 'display_login_page' started ðŸ‘ˆ 

08:57:11 ðŸ‘‰ function 'login_section' started ðŸ‘ˆ 

08:57:11 ðŸ‘‰ function 'access_granted' started ðŸ‘ˆ 

08:57:11 ðŸ‘‰ function 'god_mode' started ðŸ‘ˆ 

08:57:11 ðŸ‘‰ function 'user_accounts' started ðŸ‘ˆ 

08:57:11 ðŸ‘‰ function 'delete_user_form' started ðŸ‘ˆ 

08:57:11 ðŸ‘‰ function 'get_all_user_data' started ðŸ‘ˆ 

08:57:11 ðŸ‘‰ function 'connect_database' started ðŸ‘ˆ 
08:57:11 ðŸ¥³ user_authentication -> connect_database -> line: 124 | Deta-Database connection established ðŸ¥³ 
08:57:11 â± execution time of 'connect_database': 0.0150 s â± 
08:57:11 ðŸ¥³ user_authentication -> get_all_user_data -> line: 158 | Collected all user data from Database ðŸ¥³ 
08:57:11 â± execution time of 'get_all_user_data': 0.1560 s â± 
08:57:11 â± execution time of 'delete_user_form': 0.1560 s â± 
08:57:11 â± execution time of 'user_accounts': 0.1560 s â± 
08:57:11 â± execution time of 'god_mode': 0.1560 s â± 
08:57:11 â± execution time of 'access_granted': 0.1560 s â± 
08:57:11 â± execution time of 'login_section': 0.1560 s â± 
08:57:11 â± execution time of 'display_login_page': 0.1880 s â± 
08:57:11 ðŸ¥³ 00_ðŸ”‘_login -> <module> -> line: 149 | Login Page Loaded ðŸ¥³ 


08:57:16 âœ¨ NEW RUN âœ¨ 

08:57:16 ðŸ‘‰ function 'page_header_setup' started ðŸ‘ˆ 

08:57:16 ðŸ‘‰ function 'render_svg' started ðŸ‘ˆ 
08:57:16 â± execution time of 'render_svg': 0.0000 s â± 
08:57:16 ðŸ‘Ÿ setup_stuff -> page_header_setup -> line: 159 | page header for page 'login' created ðŸ‘Ÿ 
08:57:16 â± execution time of 'page_header_setup': 0.0000 s â± 

08:57:16 ðŸ‘‰ function 'display_login_page' started ðŸ‘ˆ 

08:57:16 ðŸ‘‰ function 'login_section' started ðŸ‘ˆ 

08:57:16 ðŸ‘‰ function 'access_granted' started ðŸ‘ˆ 

08:57:16 ðŸ‘‰ function 'god_mode' started ðŸ‘ˆ 

08:57:16 ðŸ‘‰ function 'user_accounts' started ðŸ‘ˆ 
08:57:16 â± execution time of 'user_accounts': 0.0000 s â± 

08:57:16 ðŸ‘‰ function 'delete_user' started ðŸ‘ˆ 

08:57:16 ðŸ‘‰ function 'get_all_user_data' started ðŸ‘ˆ 

08:57:16 ðŸ‘‰ function 'connect_database' started ðŸ‘ˆ 
08:57:16 ðŸ¥³ user_authentication -> connect_database -> line: 124 | Deta-Database connection established ðŸ¥³ 
08:57:16 â± execution time of 'connect_database': 0.0160 s â± 
08:57:16 ðŸ¥³ user_authentication -> get_all_user_data -> line: 158 | Collected all user data from Database ðŸ¥³ 
08:57:16 â± execution time of 'get_all_user_data': 0.1410 s â± 

08:57:16 ðŸ‘‰ function 'connect_database' started ðŸ‘ˆ 
08:57:16 ðŸ¥³ user_authentication -> connect_database -> line: 124 | Deta-Database connection established ðŸ¥³ 
08:57:16 â± execution time of 'connect_database': 0.0150 s â± 
08:57:16 â± execution time of 'delete_user': 0.2660 s â± 
08:57:16 â± execution time of 'god_mode': 0.2660 s â± 
08:57:16 â± execution time of 'access_granted': 0.2810 s â± 
08:57:16 â± execution time of 'login_section': 0.2970 s â± 
08:57:16 â± execution time of 'display_login_page': 0.2970 s â± 
08:57:16 ðŸ¥³ 00_ðŸ”‘_login -> <module> -> line: 149 | Login Page Loaded ðŸ¥³ 


08:57:28 âœ¨ NEW RUN âœ¨ 

08:57:28 ðŸ‘‰ function 'page_header_setup' started ðŸ‘ˆ 

08:57:28 ðŸ‘‰ function 'render_svg' started ðŸ‘ˆ 
08:57:28 â± execution time of 'render_svg': 0.0150 s â± 
08:57:28 ðŸ‘Ÿ setup_stuff -> page_header_setup -> line: 159 | page header for page 'login' created ðŸ‘Ÿ 
08:57:28 â± execution time of 'page_header_setup': 0.0150 s â± 

08:57:28 ðŸ‘‰ function 'display_login_page' started ðŸ‘ˆ 

08:57:28 ðŸ‘‰ function 'login_section' started ðŸ‘ˆ 

08:57:28 ðŸ‘‰ function 'access_granted' started ðŸ‘ˆ 

08:57:28 ðŸ‘‰ function 'god_mode' started ðŸ‘ˆ 

08:57:28 ðŸ‘‰ function 'user_accounts' started ðŸ‘ˆ 
08:57:28 â± execution time of 'user_accounts': 0.0000 s â± 
08:57:28 â± execution time of 'god_mode': 0.0000 s â± 
08:57:28 â± execution time of 'access_granted': 0.0160 s â± 
08:57:28 â± execution time of 'login_section': 0.0160 s â± 
08:57:28 â± execution time of 'display_login_page': 0.0320 s â± 
08:57:28 ðŸ¥³ 00_ðŸ”‘_login -> <module> -> line: 149 | Login Page Loaded ðŸ¥³ 


08:57:36 âœ¨ NEW RUN âœ¨ 

08:57:36 ðŸ‘‰ function 'page_header_setup' started ðŸ‘ˆ 

08:57:36 ðŸ‘‰ function 'render_svg' started ðŸ‘ˆ 
08:57:36 â± execution time of 'render_svg': 0.0000 s â± 
08:57:36 ðŸ‘Ÿ setup_stuff -> page_header_setup -> line: 159 | page header for page 'login' created ðŸ‘Ÿ 
08:57:36 â± execution time of 'page_header_setup': 0.0000 s â± 

08:57:36 ðŸ‘‰ function 'display_login_page' started ðŸ‘ˆ 

08:57:36 ðŸ‘‰ function 'login_section' started ðŸ‘ˆ 

08:57:36 ðŸ‘‰ function 'access_granted' started ðŸ‘ˆ 

08:57:36 ðŸ‘‰ function 'god_mode' started ðŸ‘ˆ 

08:57:36 ðŸ‘‰ function 'user_accounts' started ðŸ‘ˆ 

08:57:36 ðŸ‘‰ function 'list_all_accounts' started ðŸ‘ˆ 

08:57:36 ðŸ‘‰ function 'get_all_user_data' started ðŸ‘ˆ 

08:57:36 ðŸ‘‰ function 'connect_database' started ðŸ‘ˆ 
08:57:36 ðŸ¥³ user_authentication -> connect_database -> line: 124 | Deta-Database connection established ðŸ¥³ 
08:57:36 â± execution time of 'connect_database': 0.0150 s â± 
08:57:36 ðŸ¥³ user_authentication -> get_all_user_data -> line: 158 | Collected all user data from Database ðŸ¥³ 
08:57:36 â± execution time of 'get_all_user_data': 0.1560 s â± 
08:57:36 â± execution time of 'list_all_accounts': 0.1560 s â± 
08:57:36 â± execution time of 'user_accounts': 0.1710 s â± 
08:57:36 â± execution time of 'god_mode': 0.1710 s â± 
08:57:36 â± execution time of 'access_granted': 0.1710 s â± 
08:57:36 â± execution time of 'login_section': 0.1870 s â± 
08:57:36 â± execution time of 'display_login_page': 0.2030 s â± 
08:57:36 ðŸ¥³ 00_ðŸ”‘_login -> <module> -> line: 149 | Login Page Loaded ðŸ¥³ 

08:59:44 ðŸ‘‰ function 'start_end_time' started ðŸ‘ˆ 
08:59:44 â± execution time of 'start_end_time': 0.0000 s â± 


08:59:44 âœ¨ NEW RUN âœ¨ 

08:59:44 ðŸ‘‰ function 'page_header_setup' started ðŸ‘ˆ 

08:59:44 ðŸ‘‰ function 'render_svg' started ðŸ‘ˆ 
08:59:44 â± execution time of 'render_svg': 0.0150 s â± 
08:59:44 ðŸ‘Ÿ setup_stuff -> page_header_setup -> line: 159 | page header for page 'login' created ðŸ‘Ÿ 
08:59:44 â± execution time of 'page_header_setup': 0.0150 s â± 

08:59:44 ðŸ‘‰ function 'display_login_page' started ðŸ‘ˆ 

08:59:44 ðŸ‘‰ function 'login_section' started ðŸ‘ˆ 

08:59:44 ðŸ‘‰ function 'access_granted' started ðŸ‘ˆ 

08:59:44 ðŸ‘‰ function 'god_mode' started ðŸ‘ˆ 

08:59:44 ðŸ‘‰ function 'user_accounts' started ðŸ‘ˆ 
08:59:44 â± execution time of 'user_accounts': 0.0000 s â± 
08:59:44 â± execution time of 'god_mode': 0.0000 s â± 
08:59:44 â± execution time of 'access_granted': 0.0000 s â± 
08:59:44 â± execution time of 'login_section': 0.0160 s â± 
08:59:44 â± execution time of 'display_login_page': 0.0310 s â± 
08:59:44 ðŸ¥³ 00_ðŸ”‘_login -> <module> -> line: 149 | Login Page Loaded ðŸ¥³ 


08:59:48 âœ¨ NEW RUN âœ¨ 

08:59:48 ðŸ‘‰ function 'page_header_setup' started ðŸ‘ˆ 

08:59:48 ðŸ‘‰ function 'render_svg' started ðŸ‘ˆ 
08:59:48 â± execution time of 'render_svg': 0.0160 s â± 
08:59:48 ðŸ‘Ÿ setup_stuff -> page_header_setup -> line: 159 | page header for page 'login' created ðŸ‘Ÿ 
08:59:48 â± execution time of 'page_header_setup': 0.0160 s â± 

08:59:48 ðŸ‘‰ function 'display_login_page' started ðŸ‘ˆ 

08:59:48 ðŸ‘‰ function 'login_section' started ðŸ‘ˆ 

08:59:48 ðŸ‘‰ function 'access_granted' started ðŸ‘ˆ 

08:59:48 ðŸ‘‰ function 'god_mode' started ðŸ‘ˆ 

08:59:48 ðŸ‘‰ function 'user_accounts' started ðŸ‘ˆ 

08:59:48 ðŸ‘‰ function 'new_user_form' started ðŸ‘ˆ 
08:59:48 â± execution time of 'new_user_form': 0.0000 s â± 
08:59:48 â± execution time of 'user_accounts': 0.0000 s â± 
08:59:48 â± execution time of 'god_mode': 0.0000 s â± 
08:59:48 â± execution time of 'access_granted': 0.0000 s â± 
08:59:48 â± execution time of 'login_section': 0.0310 s â± 
08:59:48 â± execution time of 'display_login_page': 0.0310 s â± 
08:59:48 ðŸ¥³ 00_ðŸ”‘_login -> <module> -> line: 149 | Login Page Loaded ðŸ¥³ 


09:00:02 âœ¨ NEW RUN âœ¨ 

09:00:02 ðŸ‘‰ function 'page_header_setup' started ðŸ‘ˆ 

09:00:02 ðŸ‘‰ function 'render_svg' started ðŸ‘ˆ 
09:00:02 â± execution time of 'render_svg': 0.0000 s â± 
09:00:02 ðŸ‘Ÿ setup_stuff -> page_header_setup -> line: 159 | page header for page 'login' created ðŸ‘Ÿ 
09:00:02 â± execution time of 'page_header_setup': 0.0000 s â± 

09:00:02 ðŸ‘‰ function 'display_login_page' started ðŸ‘ˆ 

09:00:02 ðŸ‘‰ function 'login_section' started ðŸ‘ˆ 

09:00:02 ðŸ‘‰ function 'access_granted' started ðŸ‘ˆ 

09:00:02 ðŸ‘‰ function 'god_mode' started ðŸ‘ˆ 

09:00:02 ðŸ‘‰ function 'user_accounts' started ðŸ‘ˆ 
09:00:02 â± execution time of 'user_accounts': 0.0000 s â± 
09:00:02 â± execution time of 'god_mode': 0.0160 s â± 
09:00:02 â± execution time of 'access_granted': 0.0160 s â± 
09:00:02 â± execution time of 'login_section': 0.0160 s â± 
09:00:02 â± execution time of 'display_login_page': 0.0320 s â± 
09:00:02 ðŸ¥³ 00_ðŸ”‘_login -> <module> -> line: 149 | Login Page Loaded ðŸ¥³ 

09:01:22 ðŸ‘‰ function 'start_end_time' started ðŸ‘ˆ 
09:01:22 â± execution time of 'start_end_time': 0.0000 s â± 


09:01:22 âœ¨ NEW RUN âœ¨ 

09:01:22 ðŸ‘‰ function 'page_header_setup' started ðŸ‘ˆ 

09:01:22 ðŸ‘‰ function 'render_svg' started ðŸ‘ˆ 
09:01:22 â± execution time of 'render_svg': 0.0000 s â± 
09:01:22 ðŸ‘Ÿ setup_stuff -> page_header_setup -> line: 159 | page header for page 'login' created ðŸ‘Ÿ 
09:01:22 â± execution time of 'page_header_setup': 0.0160 s â± 

09:01:22 ðŸ‘‰ function 'display_login_page' started ðŸ‘ˆ 

09:01:22 ðŸ‘‰ function 'login_section' started ðŸ‘ˆ 

09:01:22 ðŸ‘‰ function 'access_granted' started ðŸ‘ˆ 

09:01:22 ðŸ‘‰ function 'god_mode' started ðŸ‘ˆ 

09:01:22 ðŸ‘‰ function 'user_accounts' started ðŸ‘ˆ 
09:01:22 â± execution time of 'user_accounts': 0.0000 s â± 
09:01:22 â± execution time of 'god_mode': 0.0150 s â± 
09:01:22 â± execution time of 'access_granted': 0.0150 s â± 
09:01:22 â± execution time of 'login_section': 0.0150 s â± 
09:01:22 â± execution time of 'display_login_page': 0.0310 s â± 
09:01:22 ðŸ¥³ 00_ðŸ”‘_login -> <module> -> line: 149 | Login Page Loaded ðŸ¥³ 


09:01:24 âœ¨ NEW RUN âœ¨ 

09:01:24 ðŸ‘‰ function 'page_header_setup' started ðŸ‘ˆ 

09:01:24 ðŸ‘‰ function 'render_svg' started ðŸ‘ˆ 
09:01:24 â± execution time of 'render_svg': 0.0000 s â± 
09:01:24 ðŸ‘Ÿ setup_stuff -> page_header_setup -> line: 159 | page header for page 'login' created ðŸ‘Ÿ 
09:01:24 â± execution time of 'page_header_setup': 0.0000 s â± 

09:01:24 ðŸ‘‰ function 'display_login_page' started ðŸ‘ˆ 

09:01:24 ðŸ‘‰ function 'login_section' started ðŸ‘ˆ 

09:01:24 ðŸ‘‰ function 'access_granted' started ðŸ‘ˆ 

09:01:24 ðŸ‘‰ function 'god_mode' started ðŸ‘ˆ 

09:01:24 ðŸ‘‰ function 'user_accounts' started ðŸ‘ˆ 

09:01:24 ðŸ‘‰ function 'new_user_form' started ðŸ‘ˆ 
09:01:24 â± execution time of 'new_user_form': 0.0000 s â± 
09:01:24 â± execution time of 'user_accounts': 0.0000 s â± 
09:01:24 â± execution time of 'god_mode': 0.0150 s â± 
09:01:24 â± execution time of 'access_granted': 0.0150 s â± 
09:01:24 â± execution time of 'login_section': 0.0150 s â± 
09:01:24 â± execution time of 'display_login_page': 0.0150 s â± 
09:01:24 ðŸ¥³ 00_ðŸ”‘_login -> <module> -> line: 149 | Login Page Loaded ðŸ¥³ 


09:01:38 âœ¨ NEW RUN âœ¨ 

09:01:38 ðŸ‘‰ function 'page_header_setup' started ðŸ‘ˆ 

09:01:38 ðŸ‘‰ function 'render_svg' started ðŸ‘ˆ 
09:01:38 â± execution time of 'render_svg': 0.0150 s â± 
09:01:38 ðŸ‘Ÿ setup_stuff -> page_header_setup -> line: 159 | page header for page 'login' created ðŸ‘Ÿ 
09:01:38 â± execution time of 'page_header_setup': 0.0150 s â± 

09:01:38 ðŸ‘‰ function 'display_login_page' started ðŸ‘ˆ 

09:01:38 ðŸ‘‰ function 'login_section' started ðŸ‘ˆ 

09:01:38 ðŸ‘‰ function 'access_granted' started ðŸ‘ˆ 

09:01:38 ðŸ‘‰ function 'god_mode' started ðŸ‘ˆ 

09:01:38 ðŸ‘‰ function 'user_accounts' started ðŸ‘ˆ 
09:01:38 â± execution time of 'user_accounts': 0.0160 s â± 

09:01:38 ðŸ‘‰ function 'insert_new_user' started ðŸ‘ˆ 

09:01:38 ðŸ‘‰ function 'connect_database' started ðŸ‘ˆ 
09:01:39 ðŸ¥³ user_authentication -> connect_database -> line: 124 | Deta-Database connection established ðŸ¥³ 
09:01:39 â± execution time of 'connect_database': 0.0310 s â± 

09:03:56 ðŸ‘‰ function 'start_end_time' started ðŸ‘ˆ 
09:03:56 â± execution time of 'start_end_time': 0.0000 s â± 


09:03:57 âœ¨ NEW RUN âœ¨ 

09:03:57 ðŸ‘‰ function 'page_header_setup' started ðŸ‘ˆ 

09:03:57 ðŸ‘‰ function 'render_svg' started ðŸ‘ˆ 
09:03:57 â± execution time of 'render_svg': 0.0000 s â± 
09:03:57 ðŸ‘Ÿ setup_stuff -> page_header_setup -> line: 159 | page header for page 'login' created ðŸ‘Ÿ 
09:03:57 â± execution time of 'page_header_setup': 0.0160 s â± 

09:03:57 ðŸ‘‰ function 'display_login_page' started ðŸ‘ˆ 

09:03:57 ðŸ‘‰ function 'login_section' started ðŸ‘ˆ 

09:03:57 ðŸ‘‰ function 'access_granted' started ðŸ‘ˆ 

09:03:57 ðŸ‘‰ function 'god_mode' started ðŸ‘ˆ 

09:03:57 ðŸ‘‰ function 'user_accounts' started ðŸ‘ˆ 
09:03:57 â± execution time of 'user_accounts': 0.0000 s â± 
09:03:57 â± execution time of 'god_mode': 0.0000 s â± 
09:03:57 â± execution time of 'access_granted': 0.0000 s â± 
09:03:57 â± execution time of 'login_section': 0.0000 s â± 
09:03:57 â± execution time of 'display_login_page': 0.0160 s â± 
09:03:57 ðŸ¥³ 00_ðŸ”‘_login -> <module> -> line: 149 | Login Page Loaded ðŸ¥³ 


09:04:04 âœ¨ NEW RUN âœ¨ 

09:04:04 ðŸ‘‰ function 'page_header_setup' started ðŸ‘ˆ 

09:04:04 ðŸ‘‰ function 'render_svg' started ðŸ‘ˆ 
09:04:04 â± execution time of 'render_svg': 0.0000 s â± 
09:04:04 ðŸ‘Ÿ setup_stuff -> page_header_setup -> line: 159 | page header for page 'login' created ðŸ‘Ÿ 
09:04:04 â± execution time of 'page_header_setup': 0.0160 s â± 

09:04:04 ðŸ‘‰ function 'display_login_page' started ðŸ‘ˆ 

09:04:04 ðŸ‘‰ function 'login_section' started ðŸ‘ˆ 

09:04:04 ðŸ‘‰ function 'access_granted' started ðŸ‘ˆ 

09:04:04 ðŸ‘‰ function 'god_mode' started ðŸ‘ˆ 

09:04:04 ðŸ‘‰ function 'user_accounts' started ðŸ‘ˆ 

09:04:04 ðŸ‘‰ function 'new_user_form' started ðŸ‘ˆ 
09:04:04 â± execution time of 'new_user_form': 0.0150 s â± 
09:04:04 â± execution time of 'user_accounts': 0.0150 s â± 
09:04:04 â± execution time of 'god_mode': 0.0150 s â± 
09:04:04 â± execution time of 'access_granted': 0.0150 s â± 
09:04:04 â± execution time of 'login_section': 0.0150 s â± 
09:04:04 â± execution time of 'display_login_page': 0.0310 s â± 
09:04:04 ðŸ¥³ 00_ðŸ”‘_login -> <module> -> line: 149 | Login Page Loaded ðŸ¥³ 


09:04:18 âœ¨ NEW RUN âœ¨ 

09:04:18 ðŸ‘‰ function 'page_header_setup' started ðŸ‘ˆ 

09:04:18 ðŸ‘‰ function 'render_svg' started ðŸ‘ˆ 
09:04:18 â± execution time of 'render_svg': 0.0000 s â± 
09:04:18 ðŸ‘Ÿ setup_stuff -> page_header_setup -> line: 159 | page header for page 'login' created ðŸ‘Ÿ 
09:04:18 â± execution time of 'page_header_setup': 0.0000 s â± 

09:04:18 ðŸ‘‰ function 'display_login_page' started ðŸ‘ˆ 

09:04:18 ðŸ‘‰ function 'login_section' started ðŸ‘ˆ 

09:04:18 ðŸ‘‰ function 'access_granted' started ðŸ‘ˆ 

09:04:18 ðŸ‘‰ function 'god_mode' started ðŸ‘ˆ 

09:04:18 ðŸ‘‰ function 'user_accounts' started ðŸ‘ˆ 
09:04:18 â± execution time of 'user_accounts': 0.0000 s â± 

09:04:18 ðŸ‘‰ function 'insert_new_user' started ðŸ‘ˆ 

09:04:18 ðŸ‘‰ function 'connect_database' started ðŸ‘ˆ 
09:04:18 ðŸ¥³ user_authentication -> connect_database -> line: 124 | Deta-Database connection established ðŸ¥³ 
09:04:18 â± execution time of 'connect_database': 0.0150 s â± 
09:04:18 â± execution time of 'insert_new_user': 0.2970 s â± 
09:04:18 â± execution time of 'god_mode': 0.2970 s â± 
09:04:18 â± execution time of 'access_granted': 0.2970 s â± 
09:04:18 â± execution time of 'login_section': 0.2970 s â± 
09:04:18 â± execution time of 'display_login_page': 0.3280 s â± 
09:04:18 ðŸ¥³ 00_ðŸ”‘_login -> <module> -> line: 149 | Login Page Loaded ðŸ¥³ 


09:04:25 âœ¨ NEW RUN âœ¨ 

09:04:25 ðŸ‘‰ function 'page_header_setup' started ðŸ‘ˆ 

09:04:25 ðŸ‘‰ function 'render_svg' started ðŸ‘ˆ 
09:04:25 â± execution time of 'render_svg': 0.0000 s â± 
09:04:25 ðŸ‘Ÿ setup_stuff -> page_header_setup -> line: 159 | page header for page 'login' created ðŸ‘Ÿ 
09:04:25 â± execution time of 'page_header_setup': 0.0160 s â± 

09:04:25 ðŸ‘‰ function 'display_login_page' started ðŸ‘ˆ 

09:04:25 ðŸ‘‰ function 'login_section' started ðŸ‘ˆ 

09:04:25 ðŸ‘‰ function 'access_granted' started ðŸ‘ˆ 

09:04:25 ðŸ‘‰ function 'god_mode' started ðŸ‘ˆ 

09:04:25 ðŸ‘‰ function 'user_accounts' started ðŸ‘ˆ 
09:04:25 â± execution time of 'user_accounts': 0.0150 s â± 
09:04:25 â± execution time of 'god_mode': 0.0150 s â± 
09:04:25 â± execution time of 'access_granted': 0.0150 s â± 
09:04:25 â± execution time of 'login_section': 0.0150 s â± 
09:04:25 â± execution time of 'display_login_page': 0.0150 s â± 
09:04:25 ðŸ¥³ 00_ðŸ”‘_login -> <module> -> line: 149 | Login Page Loaded ðŸ¥³ 


09:04:33 âœ¨ NEW RUN âœ¨ 

09:04:33 ðŸ‘‰ function 'page_header_setup' started ðŸ‘ˆ 

09:04:33 ðŸ‘‰ function 'render_svg' started ðŸ‘ˆ 
09:04:33 â± execution time of 'render_svg': 0.0000 s â± 
09:04:33 ðŸ‘Ÿ setup_stuff -> page_header_setup -> line: 159 | page header for page 'login' created ðŸ‘Ÿ 
09:04:33 â± execution time of 'page_header_setup': 0.0150 s â± 

09:04:33 ðŸ‘‰ function 'display_login_page' started ðŸ‘ˆ 

09:04:33 ðŸ‘‰ function 'login_section' started ðŸ‘ˆ 

09:04:33 ðŸ‘‰ function 'access_granted' started ðŸ‘ˆ 

09:04:33 ðŸ‘‰ function 'god_mode' started ðŸ‘ˆ 

09:04:33 ðŸ‘‰ function 'user_accounts' started ðŸ‘ˆ 

09:04:33 ðŸ‘‰ function 'list_all_accounts' started ðŸ‘ˆ 

09:04:33 ðŸ‘‰ function 'get_all_user_data' started ðŸ‘ˆ 

09:04:33 ðŸ‘‰ function 'connect_database' started ðŸ‘ˆ 
09:04:33 ðŸ¥³ user_authentication -> connect_database -> line: 124 | Deta-Database connection established ðŸ¥³ 
09:04:33 â± execution time of 'connect_database': 0.0160 s â± 
09:04:33 ðŸ¥³ user_authentication -> get_all_user_data -> line: 158 | Collected all user data from Database ðŸ¥³ 
09:04:33 â± execution time of 'get_all_user_data': 0.1250 s â± 
09:04:33 â± execution time of 'list_all_accounts': 0.1410 s â± 
09:04:33 â± execution time of 'user_accounts': 0.1410 s â± 
09:04:33 â± execution time of 'god_mode': 0.1410 s â± 
09:04:33 â± execution time of 'access_granted': 0.1410 s â± 
09:04:33 â± execution time of 'login_section': 0.1410 s â± 
09:04:33 â± execution time of 'display_login_page': 0.1410 s â± 
09:04:33 ðŸ¥³ 00_ðŸ”‘_login -> <module> -> line: 149 | Login Page Loaded ðŸ¥³ 

09:06:39 ðŸ‘‰ function 'start_end_time' started ðŸ‘ˆ 
09:06:39 â± execution time of 'start_end_time': 0.0160 s â± 


09:06:39 âœ¨ NEW RUN âœ¨ 

09:06:39 ðŸ‘‰ function 'page_header_setup' started ðŸ‘ˆ 

09:06:39 ðŸ‘‰ function 'render_svg' started ðŸ‘ˆ 
09:06:39 â± execution time of 'render_svg': 0.0000 s â± 
09:06:39 ðŸ‘Ÿ setup_stuff -> page_header_setup -> line: 159 | page header for page 'login' created ðŸ‘Ÿ 
09:06:39 â± execution time of 'page_header_setup': 0.0150 s â± 

09:06:39 ðŸ‘‰ function 'display_login_page' started ðŸ‘ˆ 

09:06:39 ðŸ‘‰ function 'login_section' started ðŸ‘ˆ 

09:06:39 ðŸ‘‰ function 'access_granted' started ðŸ‘ˆ 

09:06:39 ðŸ‘‰ function 'god_mode' started ðŸ‘ˆ 

09:06:39 ðŸ‘‰ function 'user_accounts' started ðŸ‘ˆ 
09:06:39 â± execution time of 'user_accounts': 0.0000 s â± 
09:06:39 â± execution time of 'god_mode': 0.0000 s â± 
09:06:39 â± execution time of 'access_granted': 0.0160 s â± 
09:06:39 â± execution time of 'login_section': 0.0160 s â± 
09:06:39 â± execution time of 'display_login_page': 0.0320 s â± 
09:06:39 ðŸ¥³ 00_ðŸ”‘_login -> <module> -> line: 149 | Login Page Loaded ðŸ¥³ 


09:06:41 âœ¨ NEW RUN âœ¨ 

09:06:41 ðŸ‘‰ function 'page_header_setup' started ðŸ‘ˆ 

09:06:41 ðŸ‘‰ function 'render_svg' started ðŸ‘ˆ 
09:06:41 â± execution time of 'render_svg': 0.0000 s â± 
09:06:41 ðŸ‘Ÿ setup_stuff -> page_header_setup -> line: 159 | page header for page 'login' created ðŸ‘Ÿ 
09:06:41 â± execution time of 'page_header_setup': 0.0320 s â± 

09:06:41 ðŸ‘‰ function 'display_login_page' started ðŸ‘ˆ 

09:06:41 ðŸ‘‰ function 'login_section' started ðŸ‘ˆ 

09:06:41 ðŸ‘‰ function 'access_granted' started ðŸ‘ˆ 

09:06:41 ðŸ‘‰ function 'god_mode' started ðŸ‘ˆ 

09:06:41 ðŸ‘‰ function 'user_accounts' started ðŸ‘ˆ 

09:06:41 ðŸ‘‰ function 'delete_user_form' started ðŸ‘ˆ 

09:06:41 ðŸ‘‰ function 'get_all_user_data' started ðŸ‘ˆ 

09:06:41 ðŸ‘‰ function 'connect_database' started ðŸ‘ˆ 
09:06:41 ðŸ¥³ user_authentication -> connect_database -> line: 124 | Deta-Database connection established ðŸ¥³ 
09:06:41 â± execution time of 'connect_database': 0.0150 s â± 
09:06:41 ðŸ¥³ user_authentication -> get_all_user_data -> line: 158 | Collected all user data from Database ðŸ¥³ 
09:06:41 â± execution time of 'get_all_user_data': 0.1720 s â± 
09:06:41 â± execution time of 'delete_user_form': 0.1720 s â± 
09:06:41 â± execution time of 'user_accounts': 0.1720 s â± 
09:06:41 â± execution time of 'god_mode': 0.1720 s â± 
09:06:41 â± execution time of 'access_granted': 0.1720 s â± 
09:06:41 â± execution time of 'login_section': 0.1720 s â± 
09:06:41 â± execution time of 'display_login_page': 0.1870 s â± 
09:06:41 ðŸ¥³ 00_ðŸ”‘_login -> <module> -> line: 149 | Login Page Loaded ðŸ¥³ 


09:06:46 âœ¨ NEW RUN âœ¨ 

09:06:46 ðŸ‘‰ function 'page_header_setup' started ðŸ‘ˆ 

09:06:46 ðŸ‘‰ function 'render_svg' started ðŸ‘ˆ 
09:06:46 â± execution time of 'render_svg': 0.0000 s â± 
09:06:46 ðŸ‘Ÿ setup_stuff -> page_header_setup -> line: 159 | page header for page 'login' created ðŸ‘Ÿ 
09:06:46 â± execution time of 'page_header_setup': 0.0160 s â± 

09:06:46 ðŸ‘‰ function 'display_login_page' started ðŸ‘ˆ 

09:06:46 ðŸ‘‰ function 'login_section' started ðŸ‘ˆ 

09:06:46 ðŸ‘‰ function 'access_granted' started ðŸ‘ˆ 

09:06:46 ðŸ‘‰ function 'god_mode' started ðŸ‘ˆ 

09:06:46 ðŸ‘‰ function 'user_accounts' started ðŸ‘ˆ 
09:06:46 â± execution time of 'user_accounts': 0.0160 s â± 

09:06:46 ðŸ‘‰ function 'delete_user' started ðŸ‘ˆ 

09:06:46 ðŸ‘‰ function 'get_all_user_data' started ðŸ‘ˆ 

09:06:46 ðŸ‘‰ function 'connect_database' started ðŸ‘ˆ 
09:06:46 ðŸ¥³ user_authentication -> connect_database -> line: 124 | Deta-Database connection established ðŸ¥³ 
09:06:46 â± execution time of 'connect_database': 0.0000 s â± 
09:06:46 ðŸ¥³ user_authentication -> get_all_user_data -> line: 158 | Collected all user data from Database ðŸ¥³ 
09:06:46 â± execution time of 'get_all_user_data': 0.1250 s â± 

09:06:46 ðŸ‘‰ function 'connect_database' started ðŸ‘ˆ 
09:06:46 ðŸ¥³ user_authentication -> connect_database -> line: 124 | Deta-Database connection established ðŸ¥³ 
09:06:46 â± execution time of 'connect_database': 0.0150 s â± 
09:06:46 â± execution time of 'delete_user': 0.2180 s â± 
09:06:46 â± execution time of 'god_mode': 0.2500 s â± 
09:06:46 â± execution time of 'access_granted': 0.2500 s â± 
09:06:46 â± execution time of 'login_section': 0.2500 s â± 
09:06:46 â± execution time of 'display_login_page': 0.2500 s â± 
09:06:46 ðŸ¥³ 00_ðŸ”‘_login -> <module> -> line: 149 | Login Page Loaded ðŸ¥³ 


09:06:53 âœ¨ NEW RUN âœ¨ 

09:06:53 ðŸ‘‰ function 'page_header_setup' started ðŸ‘ˆ 

09:06:53 ðŸ‘‰ function 'render_svg' started ðŸ‘ˆ 
09:06:53 â± execution time of 'render_svg': 0.0160 s â± 
09:06:53 ðŸ‘Ÿ setup_stuff -> page_header_setup -> line: 159 | page header for page 'login' created ðŸ‘Ÿ 
09:06:53 â± execution time of 'page_header_setup': 0.0160 s â± 

09:06:53 ðŸ‘‰ function 'display_login_page' started ðŸ‘ˆ 

09:06:53 ðŸ‘‰ function 'login_section' started ðŸ‘ˆ 

09:06:53 ðŸ‘‰ function 'access_granted' started ðŸ‘ˆ 

09:06:53 ðŸ‘‰ function 'god_mode' started ðŸ‘ˆ 

09:06:53 ðŸ‘‰ function 'user_accounts' started ðŸ‘ˆ 
09:06:53 â± execution time of 'user_accounts': 0.0150 s â± 
09:06:53 â± execution time of 'god_mode': 0.0150 s â± 
09:06:53 â± execution time of 'access_granted': 0.0150 s â± 
09:06:53 â± execution time of 'login_section': 0.0150 s â± 
09:06:53 â± execution time of 'display_login_page': 0.0150 s â± 
09:06:53 ðŸ¥³ 00_ðŸ”‘_login -> <module> -> line: 149 | Login Page Loaded ðŸ¥³ 

09:09:23 ðŸ‘‰ function 'start_end_time' started ðŸ‘ˆ 
09:09:23 â± execution time of 'start_end_time': 0.0000 s â± 


09:09:23 âœ¨ NEW RUN âœ¨ 

09:09:23 ðŸ‘‰ function 'page_header_setup' started ðŸ‘ˆ 

09:09:23 ðŸ‘‰ function 'render_svg' started ðŸ‘ˆ 
09:09:24 â± execution time of 'render_svg': 0.0150 s â± 
09:09:24 ðŸ‘Ÿ setup_stuff -> page_header_setup -> line: 159 | page header for page 'login' created ðŸ‘Ÿ 
09:09:24 â± execution time of 'page_header_setup': 0.0150 s â± 

09:09:24 ðŸ‘‰ function 'display_login_page' started ðŸ‘ˆ 

09:09:24 ðŸ‘‰ function 'login_section' started ðŸ‘ˆ 

09:09:24 ðŸ‘‰ function 'access_granted' started ðŸ‘ˆ 

09:09:24 ðŸ‘‰ function 'god_mode' started ðŸ‘ˆ 

09:09:24 ðŸ‘‰ function 'user_accounts' started ðŸ‘ˆ 
09:09:24 â± execution time of 'user_accounts': 0.0000 s â± 
09:09:24 â± execution time of 'god_mode': 0.0000 s â± 
09:09:24 â± execution time of 'access_granted': 0.0000 s â± 
09:09:24 â± execution time of 'login_section': 0.0160 s â± 
09:09:24 â± execution time of 'display_login_page': 0.0320 s â± 
09:09:24 ðŸ¥³ 00_ðŸ”‘_login -> <module> -> line: 149 | Login Page Loaded ðŸ¥³ 


09:09:30 âœ¨ NEW RUN âœ¨ 

09:09:30 ðŸ‘‰ function 'page_header_setup' started ðŸ‘ˆ 

09:09:30 ðŸ‘‰ function 'render_svg' started ðŸ‘ˆ 
09:09:30 â± execution time of 'render_svg': 0.0000 s â± 
09:09:30 ðŸ‘Ÿ setup_stuff -> page_header_setup -> line: 159 | page header for page 'login' created ðŸ‘Ÿ 
09:09:30 â± execution time of 'page_header_setup': 0.0160 s â± 

09:09:30 ðŸ‘‰ function 'display_login_page' started ðŸ‘ˆ 

09:09:30 ðŸ‘‰ function 'login_section' started ðŸ‘ˆ 

09:09:30 ðŸ‘‰ function 'access_granted' started ðŸ‘ˆ 

09:09:30 ðŸ‘‰ function 'god_mode' started ðŸ‘ˆ 

09:09:30 ðŸ‘‰ function 'user_accounts' started ðŸ‘ˆ 
09:09:30 â± execution time of 'user_accounts': 0.0000 s â± 
09:09:30 â± execution time of 'god_mode': 0.0000 s â± 
09:09:30 â± execution time of 'access_granted': 0.0000 s â± 
09:09:30 â± execution time of 'login_section': 0.0000 s â± 
09:09:30 â± execution time of 'display_login_page': 0.0160 s â± 
09:09:30 ðŸ¥³ 00_ðŸ”‘_login -> <module> -> line: 149 | Login Page Loaded ðŸ¥³ 


09:09:30 âœ¨ NEW RUN âœ¨ 

09:09:30 ðŸ‘‰ function 'page_header_setup' started ðŸ‘ˆ 

09:09:30 ðŸ‘‰ function 'render_svg' started ðŸ‘ˆ 
09:09:30 â± execution time of 'render_svg': 0.0150 s â± 
09:09:30 ðŸ‘Ÿ setup_stuff -> page_header_setup -> line: 159 | page header for page 'login' created ðŸ‘Ÿ 
09:09:30 â± execution time of 'page_header_setup': 0.0310 s â± 

09:09:30 ðŸ‘‰ function 'display_login_page' started ðŸ‘ˆ 

09:09:30 ðŸ‘‰ function 'login_section' started ðŸ‘ˆ 
09:09:30 â± execution time of 'login_section': 0.0000 s â± 
09:09:30 â± execution time of 'display_login_page': 0.0160 s â± 
09:09:30 ðŸ¥³ 00_ðŸ”‘_login -> <module> -> line: 149 | Login Page Loaded ðŸ¥³ 


09:09:30 âœ¨ NEW RUN âœ¨ 

09:09:30 ðŸ‘‰ function 'page_header_setup' started ðŸ‘ˆ 

09:09:30 ðŸ‘‰ function 'render_svg' started ðŸ‘ˆ 
09:09:30 â± execution time of 'render_svg': 0.0000 s â± 
09:09:30 ðŸ‘Ÿ setup_stuff -> page_header_setup -> line: 159 | page header for page 'login' created ðŸ‘Ÿ 
09:09:30 â± execution time of 'page_header_setup': 0.0160 s â± 

09:09:30 ðŸ‘‰ function 'display_login_page' started ðŸ‘ˆ 

09:09:30 ðŸ‘‰ function 'login_section' started ðŸ‘ˆ 
09:09:30 â± execution time of 'login_section': 0.0000 s â± 
09:09:30 â± execution time of 'display_login_page': 0.0150 s â± 
09:09:30 ðŸ¥³ 00_ðŸ”‘_login -> <module> -> line: 149 | Login Page Loaded ðŸ¥³ 


09:09:38 âœ¨ NEW RUN âœ¨ 

09:09:38 ðŸ‘‰ function 'page_header_setup' started ðŸ‘ˆ 

09:09:38 ðŸ‘‰ function 'render_svg' started ðŸ‘ˆ 
09:09:38 â± execution time of 'render_svg': 0.0000 s â± 
09:09:38 ðŸ‘Ÿ setup_stuff -> page_header_setup -> line: 159 | page header for page 'login' created ðŸ‘Ÿ 
09:09:38 â± execution time of 'page_header_setup': 0.0000 s â± 

09:09:38 ðŸ‘‰ function 'display_login_page' started ðŸ‘ˆ 

09:09:38 ðŸ‘‰ function 'login_section' started ðŸ‘ˆ 

09:09:38 ðŸ‘‰ function 'access_granted' started ðŸ‘ˆ 
09:09:38 ðŸ¥³ 00_ðŸ”‘_login -> access_granted -> line: 92 | logged in as: utec, access level: full ðŸ¥³ 
09:09:38 â± execution time of 'access_granted': 0.0160 s â± 
09:09:38 â± execution time of 'login_section': 0.1880 s â± 
09:09:38 â± execution time of 'display_login_page': 0.2040 s â± 
09:09:38 ðŸ¥³ 00_ðŸ”‘_login -> <module> -> line: 149 | Login Page Loaded ðŸ¥³ 


09:09:38 âœ¨ NEW RUN âœ¨ 

09:09:38 ðŸ‘‰ function 'page_header_setup' started ðŸ‘ˆ 

09:09:38 ðŸ‘‰ function 'render_svg' started ðŸ‘ˆ 
09:09:38 â± execution time of 'render_svg': 0.0000 s â± 
09:09:38 ðŸ‘Ÿ setup_stuff -> page_header_setup -> line: 159 | page header for page 'login' created ðŸ‘Ÿ 
09:09:38 â± execution time of 'page_header_setup': 0.0000 s â± 

09:09:38 ðŸ‘‰ function 'display_login_page' started ðŸ‘ˆ 

09:09:38 ðŸ‘‰ function 'login_section' started ðŸ‘ˆ 

09:09:38 ðŸ‘‰ function 'access_granted' started ðŸ‘ˆ 
09:09:38 â± execution time of 'access_granted': 0.0000 s â± 
09:09:38 â± execution time of 'login_section': 0.0000 s â± 
09:09:38 â± execution time of 'display_login_page': 0.0000 s â± 
09:09:38 ðŸ¥³ 00_ðŸ”‘_login -> <module> -> line: 149 | Login Page Loaded ðŸ¥³ 


09:09:39 âœ¨ NEW RUN âœ¨ 

09:09:39 ðŸ‘‰ function 'page_header_setup' started ðŸ‘ˆ 

09:09:39 ðŸ‘‰ function 'render_svg' started ðŸ‘ˆ 
09:09:39 â± execution time of 'render_svg': 0.0000 s â± 
09:09:39 ðŸ‘Ÿ setup_stuff -> page_header_setup -> line: 159 | page header for page 'login' created ðŸ‘Ÿ 
09:09:39 â± execution time of 'page_header_setup': 0.0160 s â± 

09:09:39 ðŸ‘‰ function 'display_login_page' started ðŸ‘ˆ 

09:09:39 ðŸ‘‰ function 'login_section' started ðŸ‘ˆ 

09:09:39 ðŸ‘‰ function 'access_granted' started ðŸ‘ˆ 
09:09:39 â± execution time of 'access_granted': 0.0000 s â± 
09:09:39 â± execution time of 'login_section': 0.0000 s â± 
09:09:39 â± execution time of 'display_login_page': 0.0000 s â± 
09:09:39 ðŸ¥³ 00_ðŸ”‘_login -> <module> -> line: 149 | Login Page Loaded ðŸ¥³ 


09:09:43 âœ¨ NEW RUN âœ¨ 

09:09:43 ðŸ‘‰ function 'page_header_setup' started ðŸ‘ˆ 

09:09:43 ðŸ‘‰ function 'render_svg' started ðŸ‘ˆ 
09:09:43 â± execution time of 'render_svg': 0.0000 s â± 
09:09:43 ðŸ‘Ÿ setup_stuff -> page_header_setup -> line: 159 | page header for page 'login' created ðŸ‘Ÿ 
09:09:43 â± execution time of 'page_header_setup': 0.0000 s â± 

09:09:43 ðŸ‘‰ function 'display_login_page' started ðŸ‘ˆ 

09:09:43 ðŸ‘‰ function 'login_section' started ðŸ‘ˆ 

09:09:43 ðŸ‘‰ function 'access_granted' started ðŸ‘ˆ 
09:09:43 â± execution time of 'access_granted': 0.0000 s â± 
09:09:43 â± execution time of 'login_section': 0.0160 s â± 
09:09:43 â± execution time of 'display_login_page': 0.0160 s â± 
09:09:43 ðŸ¥³ 00_ðŸ”‘_login -> <module> -> line: 149 | Login Page Loaded ðŸ¥³ 


09:09:43 âœ¨ NEW RUN âœ¨ 

09:09:43 ðŸ‘‰ function 'page_header_setup' started ðŸ‘ˆ 

09:09:43 ðŸ‘‰ function 'render_svg' started ðŸ‘ˆ 
09:09:43 â± execution time of 'render_svg': 0.0000 s â± 
09:09:43 ðŸ‘Ÿ setup_stuff -> page_header_setup -> line: 159 | page header for page 'login' created ðŸ‘Ÿ 
09:09:43 â± execution time of 'page_header_setup': 0.0000 s â± 

09:09:43 ðŸ‘‰ function 'display_login_page' started ðŸ‘ˆ 

09:09:43 ðŸ‘‰ function 'login_section' started ðŸ‘ˆ 
09:09:43 â± execution time of 'login_section': 0.0160 s â± 
09:09:43 â± execution time of 'display_login_page': 0.0160 s â± 
09:09:43 ðŸ¥³ 00_ðŸ”‘_login -> <module> -> line: 149 | Login Page Loaded ðŸ¥³ 


09:09:43 âœ¨ NEW RUN âœ¨ 

09:09:43 ðŸ‘‰ function 'page_header_setup' started ðŸ‘ˆ 

09:09:43 ðŸ‘‰ function 'render_svg' started ðŸ‘ˆ 
09:09:43 â± execution time of 'render_svg': 0.0000 s â± 
09:09:43 ðŸ‘Ÿ setup_stuff -> page_header_setup -> line: 159 | page header for page 'login' created ðŸ‘Ÿ 
09:09:43 â± execution time of 'page_header_setup': 0.0000 s â± 

09:09:43 ðŸ‘‰ function 'display_login_page' started ðŸ‘ˆ 

09:09:43 ðŸ‘‰ function 'login_section' started ðŸ‘ˆ 
09:09:43 â± execution time of 'login_section': 0.0000 s â± 
09:09:43 â± execution time of 'display_login_page': 0.0160 s â± 
09:09:43 ðŸ¥³ 00_ðŸ”‘_login -> <module> -> line: 149 | Login Page Loaded ðŸ¥³ 


09:09:48 âœ¨ NEW RUN âœ¨ 

09:09:48 ðŸ‘‰ function 'page_header_setup' started ðŸ‘ˆ 

09:09:48 ðŸ‘‰ function 'render_svg' started ðŸ‘ˆ 
09:09:48 â± execution time of 'render_svg': 0.0150 s â± 
09:09:48 ðŸ‘Ÿ setup_stuff -> page_header_setup -> line: 159 | page header for page 'login' created ðŸ‘Ÿ 
09:09:48 â± execution time of 'page_header_setup': 0.0150 s â± 

09:09:48 ðŸ‘‰ function 'display_login_page' started ðŸ‘ˆ 

09:09:48 ðŸ‘‰ function 'login_section' started ðŸ‘ˆ 

09:09:48 ðŸ‘‰ function 'access_granted' started ðŸ‘ˆ 
09:09:48 ðŸ¥³ 00_ðŸ”‘_login -> access_granted -> line: 92 | logged in as: fl, access level: god ðŸ¥³ 

09:09:48 ðŸ‘‰ function 'god_mode' started ðŸ‘ˆ 

09:09:48 ðŸ‘‰ function 'user_accounts' started ðŸ‘ˆ 
09:09:48 â± execution time of 'user_accounts': 0.0150 s â± 
09:09:48 â± execution time of 'god_mode': 0.0150 s â± 
09:09:48 â± execution time of 'access_granted': 0.0150 s â± 
09:09:48 â± execution time of 'login_section': 0.2030 s â± 
09:09:48 â± execution time of 'display_login_page': 0.2190 s â± 
09:09:48 ðŸ¥³ 00_ðŸ”‘_login -> <module> -> line: 149 | Login Page Loaded ðŸ¥³ 


09:09:48 âœ¨ NEW RUN âœ¨ 

09:09:49 ðŸ‘‰ function 'page_header_setup' started ðŸ‘ˆ 

09:09:49 ðŸ‘‰ function 'render_svg' started ðŸ‘ˆ 
09:09:49 â± execution time of 'render_svg': 0.0000 s â± 
09:09:49 ðŸ‘Ÿ setup_stuff -> page_header_setup -> line: 159 | page header for page 'login' created ðŸ‘Ÿ 
09:09:49 â± execution time of 'page_header_setup': 0.0150 s â± 

09:09:49 ðŸ‘‰ function 'display_login_page' started ðŸ‘ˆ 

09:09:49 ðŸ‘‰ function 'login_section' started ðŸ‘ˆ 

09:09:49 ðŸ‘‰ function 'access_granted' started ðŸ‘ˆ 

09:09:49 ðŸ‘‰ function 'god_mode' started ðŸ‘ˆ 

09:09:49 ðŸ‘‰ function 'user_accounts' started ðŸ‘ˆ 
09:09:49 â± execution time of 'user_accounts': 0.0160 s â± 
09:09:49 â± execution time of 'god_mode': 0.0160 s â± 
09:09:49 â± execution time of 'access_granted': 0.0160 s â± 
09:09:49 â± execution time of 'login_section': 0.0160 s â± 
09:09:49 â± execution time of 'display_login_page': 0.0160 s â± 
09:09:49 ðŸ¥³ 00_ðŸ”‘_login -> <module> -> line: 149 | Login Page Loaded ðŸ¥³ 


09:09:49 âœ¨ NEW RUN âœ¨ 

09:09:49 ðŸ‘‰ function 'page_header_setup' started ðŸ‘ˆ 

09:09:49 ðŸ‘‰ function 'render_svg' started ðŸ‘ˆ 
09:09:49 â± execution time of 'render_svg': 0.0000 s â± 
09:09:49 ðŸ‘Ÿ setup_stuff -> page_header_setup -> line: 159 | page header for page 'login' created ðŸ‘Ÿ 
09:09:49 â± execution time of 'page_header_setup': 0.0160 s â± 

09:09:49 ðŸ‘‰ function 'display_login_page' started ðŸ‘ˆ 

09:09:49 ðŸ‘‰ function 'login_section' started ðŸ‘ˆ 

09:09:49 ðŸ‘‰ function 'access_granted' started ðŸ‘ˆ 

09:09:49 ðŸ‘‰ function 'god_mode' started ðŸ‘ˆ 

09:09:49 ðŸ‘‰ function 'user_accounts' started ðŸ‘ˆ 
09:09:49 â± execution time of 'user_accounts': 0.0000 s â± 
09:09:49 â± execution time of 'god_mode': 0.0150 s â± 
09:09:49 â± execution time of 'access_granted': 0.0150 s â± 
09:09:49 â± execution time of 'login_section': 0.0150 s â± 
09:09:49 â± execution time of 'display_login_page': 0.0310 s â± 
09:09:49 ðŸ¥³ 00_ðŸ”‘_login -> <module> -> line: 149 | Login Page Loaded ðŸ¥³ 


09:09:52 âœ¨ NEW RUN âœ¨ 

09:09:52 ðŸ‘‰ function 'page_header_setup' started ðŸ‘ˆ 

09:09:52 ðŸ‘‰ function 'render_svg' started ðŸ‘ˆ 
09:09:52 â± execution time of 'render_svg': 0.0000 s â± 
09:09:52 ðŸ‘Ÿ setup_stuff -> page_header_setup -> line: 159 | page header for page 'login' created ðŸ‘Ÿ 
09:09:52 â± execution time of 'page_header_setup': 0.0000 s â± 

09:09:52 ðŸ‘‰ function 'display_login_page' started ðŸ‘ˆ 

09:09:52 ðŸ‘‰ function 'login_section' started ðŸ‘ˆ 

09:09:52 ðŸ‘‰ function 'access_granted' started ðŸ‘ˆ 

09:09:52 ðŸ‘‰ function 'god_mode' started ðŸ‘ˆ 

09:09:52 ðŸ‘‰ function 'user_accounts' started ðŸ‘ˆ 

09:09:52 ðŸ‘‰ function 'list_all_accounts' started ðŸ‘ˆ 

09:09:52 ðŸ‘‰ function 'get_all_user_data' started ðŸ‘ˆ 

09:09:52 ðŸ‘‰ function 'connect_database' started ðŸ‘ˆ 
09:09:52 ðŸ¥³ user_authentication -> connect_database -> line: 124 | Deta-Database connection established ðŸ¥³ 
09:09:52 â± execution time of 'connect_database': 0.0160 s â± 
09:09:52 ðŸ¥³ user_authentication -> get_all_user_data -> line: 158 | Collected all user data from Database ðŸ¥³ 
09:09:52 â± execution time of 'get_all_user_data': 0.1410 s â± 
09:09:52 â± execution time of 'list_all_accounts': 0.1410 s â± 
09:09:52 â± execution time of 'user_accounts': 0.1410 s â± 
09:09:53 â± execution time of 'god_mode': 0.1410 s â± 
09:09:53 â± execution time of 'access_granted': 0.1410 s â± 
09:09:53 â± execution time of 'login_section': 0.1410 s â± 
09:09:53 â± execution time of 'display_login_page': 0.1560 s â± 
09:09:53 ðŸ¥³ 00_ðŸ”‘_login -> <module> -> line: 149 | Login Page Loaded ðŸ¥³ 

09:10:35 ðŸ‘‰ function 'start_end_time' started ðŸ‘ˆ 
09:10:35 â± execution time of 'start_end_time': 0.0000 s â± 


09:10:35 âœ¨ NEW RUN âœ¨ 

09:10:35 ðŸ‘‰ function 'page_header_setup' started ðŸ‘ˆ 

09:10:35 ðŸ‘‰ function 'render_svg' started ðŸ‘ˆ 
09:10:35 â± execution time of 'render_svg': 0.0150 s â± 
09:10:35 ðŸ‘Ÿ setup_stuff -> page_header_setup -> line: 159 | page header for page 'login' created ðŸ‘Ÿ 
09:10:35 â± execution time of 'page_header_setup': 0.0150 s â± 

09:10:35 ðŸ‘‰ function 'display_login_page' started ðŸ‘ˆ 

09:10:35 ðŸ‘‰ function 'login_section' started ðŸ‘ˆ 

09:10:35 ðŸ‘‰ function 'access_granted' started ðŸ‘ˆ 

09:10:35 ðŸ‘‰ function 'god_mode' started ðŸ‘ˆ 

09:10:35 ðŸ‘‰ function 'user_accounts' started ðŸ‘ˆ 
09:10:35 â± execution time of 'user_accounts': 0.0000 s â± 
09:10:35 â± execution time of 'god_mode': 0.0000 s â± 
09:10:35 â± execution time of 'access_granted': 0.0160 s â± 
09:10:35 â± execution time of 'login_section': 0.0160 s â± 
09:10:35 â± execution time of 'display_login_page': 0.0470 s â± 
09:10:35 ðŸ¥³ 00_ðŸ”‘_login -> <module> -> line: 149 | Login Page Loaded ðŸ¥³ 


09:10:39 âœ¨ NEW RUN âœ¨ 

09:10:39 ðŸ‘‰ function 'page_header_setup' started ðŸ‘ˆ 

09:10:39 ðŸ‘‰ function 'render_svg' started ðŸ‘ˆ 
09:10:39 â± execution time of 'render_svg': 0.0000 s â± 
09:10:39 ðŸ‘Ÿ setup_stuff -> page_header_setup -> line: 159 | page header for page 'login' created ðŸ‘Ÿ 
09:10:39 â± execution time of 'page_header_setup': 0.0160 s â± 

09:10:39 ðŸ‘‰ function 'display_login_page' started ðŸ‘ˆ 

09:10:39 ðŸ‘‰ function 'login_section' started ðŸ‘ˆ 

09:10:39 ðŸ‘‰ function 'access_granted' started ðŸ‘ˆ 

09:10:39 ðŸ‘‰ function 'god_mode' started ðŸ‘ˆ 

09:10:39 ðŸ‘‰ function 'user_accounts' started ðŸ‘ˆ 

09:10:39 ðŸ‘‰ function 'list_all_accounts' started ðŸ‘ˆ 

09:10:39 ðŸ‘‰ function 'get_all_user_data' started ðŸ‘ˆ 

09:10:39 ðŸ‘‰ function 'connect_database' started ðŸ‘ˆ 
09:10:39 ðŸ¥³ user_authentication -> connect_database -> line: 124 | Deta-Database connection established ðŸ¥³ 
09:10:39 â± execution time of 'connect_database': 0.0000 s â± 
09:10:39 ðŸ¥³ user_authentication -> get_all_user_data -> line: 158 | Collected all user data from Database ðŸ¥³ 
09:10:39 â± execution time of 'get_all_user_data': 0.1250 s â± 
09:10:39 â± execution time of 'list_all_accounts': 0.1250 s â± 
09:10:39 â± execution time of 'user_accounts': 0.1250 s â± 
09:10:39 â± execution time of 'god_mode': 0.1400 s â± 
09:10:39 â± execution time of 'access_granted': 0.1400 s â± 
09:10:39 â± execution time of 'login_section': 0.1560 s â± 
09:10:39 â± execution time of 'display_login_page': 0.1560 s â± 
09:10:39 ðŸ¥³ 00_ðŸ”‘_login -> <module> -> line: 149 | Login Page Loaded ðŸ¥³ 

09:11:20 ðŸ‘‰ function 'start_end_time' started ðŸ‘ˆ 
09:11:20 â± execution time of 'start_end_time': 0.0000 s â± 


09:11:20 âœ¨ NEW RUN âœ¨ 

09:11:20 ðŸ‘‰ function 'page_header_setup' started ðŸ‘ˆ 

09:11:20 ðŸ‘‰ function 'render_svg' started ðŸ‘ˆ 
09:11:20 â± execution time of 'render_svg': 0.0000 s â± 
09:11:20 ðŸ‘Ÿ setup_stuff -> page_header_setup -> line: 159 | page header for page 'login' created ðŸ‘Ÿ 
09:11:20 â± execution time of 'page_header_setup': 0.0310 s â± 

09:11:20 ðŸ‘‰ function 'display_login_page' started ðŸ‘ˆ 

09:11:20 ðŸ‘‰ function 'login_section' started ðŸ‘ˆ 

09:11:20 ðŸ‘‰ function 'access_granted' started ðŸ‘ˆ 

09:11:20 ðŸ‘‰ function 'god_mode' started ðŸ‘ˆ 

09:11:20 ðŸ‘‰ function 'user_accounts' started ðŸ‘ˆ 
09:11:20 â± execution time of 'user_accounts': 0.0000 s â± 
09:11:20 â± execution time of 'god_mode': 0.0000 s â± 
09:11:20 â± execution time of 'access_granted': 0.0000 s â± 
09:11:20 â± execution time of 'login_section': 0.0000 s â± 
09:11:20 â± execution time of 'display_login_page': 0.0160 s â± 
09:11:20 ðŸ¥³ 00_ðŸ”‘_login -> <module> -> line: 149 | Login Page Loaded ðŸ¥³ 


09:11:22 âœ¨ NEW RUN âœ¨ 

09:11:22 ðŸ‘‰ function 'page_header_setup' started ðŸ‘ˆ 

09:11:22 ðŸ‘‰ function 'render_svg' started ðŸ‘ˆ 
09:11:22 â± execution time of 'render_svg': 0.0150 s â± 
09:11:22 ðŸ‘Ÿ setup_stuff -> page_header_setup -> line: 159 | page header for page 'login' created ðŸ‘Ÿ 
09:11:22 â± execution time of 'page_header_setup': 0.0150 s â± 

09:11:22 ðŸ‘‰ function 'display_login_page' started ðŸ‘ˆ 

09:11:22 ðŸ‘‰ function 'login_section' started ðŸ‘ˆ 

09:11:22 ðŸ‘‰ function 'access_granted' started ðŸ‘ˆ 

09:11:22 ðŸ‘‰ function 'god_mode' started ðŸ‘ˆ 

09:11:22 ðŸ‘‰ function 'user_accounts' started ðŸ‘ˆ 

09:11:22 ðŸ‘‰ function 'list_all_accounts' started ðŸ‘ˆ 

09:11:22 ðŸ‘‰ function 'get_all_user_data' started ðŸ‘ˆ 

09:11:22 ðŸ‘‰ function 'connect_database' started ðŸ‘ˆ 
09:11:22 ðŸ¥³ user_authentication -> connect_database -> line: 124 | Deta-Database connection established ðŸ¥³ 
09:11:22 â± execution time of 'connect_database': 0.0000 s â± 
09:11:22 ðŸ¥³ user_authentication -> get_all_user_data -> line: 158 | Collected all user data from Database ðŸ¥³ 
09:11:22 â± execution time of 'get_all_user_data': 0.1250 s â± 
09:11:22 â± execution time of 'list_all_accounts': 0.1410 s â± 
09:11:22 â± execution time of 'user_accounts': 0.1570 s â± 
09:11:22 â± execution time of 'god_mode': 0.1570 s â± 
09:11:22 â± execution time of 'access_granted': 0.1570 s â± 
09:11:22 â± execution time of 'login_section': 0.1570 s â± 
09:11:22 â± execution time of 'display_login_page': 0.1570 s â± 
09:11:22 ðŸ¥³ 00_ðŸ”‘_login -> <module> -> line: 149 | Login Page Loaded ðŸ¥³ 


09:11:29 âœ¨ NEW RUN âœ¨ 

09:11:29 ðŸ‘‰ function 'page_header_setup' started ðŸ‘ˆ 

09:11:29 ðŸ‘‰ function 'render_svg' started ðŸ‘ˆ 
09:11:29 â± execution time of 'render_svg': 0.0160 s â± 
09:11:29 ðŸ‘Ÿ setup_stuff -> page_header_setup -> line: 159 | page header for page 'login' created ðŸ‘Ÿ 
09:11:29 â± execution time of 'page_header_setup': 0.0160 s â± 

09:11:29 ðŸ‘‰ function 'display_login_page' started ðŸ‘ˆ 

09:11:29 ðŸ‘‰ function 'login_section' started ðŸ‘ˆ 

09:11:29 ðŸ‘‰ function 'access_granted' started ðŸ‘ˆ 

09:11:29 ðŸ‘‰ function 'god_mode' started ðŸ‘ˆ 

09:11:29 ðŸ‘‰ function 'user_accounts' started ðŸ‘ˆ 

09:11:29 ðŸ‘‰ function 'new_user_form' started ðŸ‘ˆ 
09:11:29 â± execution time of 'new_user_form': 0.0160 s â± 
09:11:29 â± execution time of 'user_accounts': 0.0160 s â± 
09:11:29 â± execution time of 'god_mode': 0.0160 s â± 
09:11:29 â± execution time of 'access_granted': 0.0160 s â± 
09:11:29 â± execution time of 'login_section': 0.0310 s â± 
09:11:29 â± execution time of 'display_login_page': 0.0470 s â± 
09:11:29 ðŸ¥³ 00_ðŸ”‘_login -> <module> -> line: 149 | Login Page Loaded ðŸ¥³ 


09:11:42 âœ¨ NEW RUN âœ¨ 

09:11:42 ðŸ‘‰ function 'page_header_setup' started ðŸ‘ˆ 

09:11:42 ðŸ‘‰ function 'render_svg' started ðŸ‘ˆ 
09:11:42 â± execution time of 'render_svg': 0.0000 s â± 
09:11:42 ðŸ‘Ÿ setup_stuff -> page_header_setup -> line: 159 | page header for page 'login' created ðŸ‘Ÿ 
09:11:42 â± execution time of 'page_header_setup': 0.0000 s â± 

09:11:42 ðŸ‘‰ function 'display_login_page' started ðŸ‘ˆ 

09:11:42 ðŸ‘‰ function 'login_section' started ðŸ‘ˆ 

09:11:42 ðŸ‘‰ function 'access_granted' started ðŸ‘ˆ 

09:11:42 ðŸ‘‰ function 'god_mode' started ðŸ‘ˆ 

09:11:42 ðŸ‘‰ function 'user_accounts' started ðŸ‘ˆ 
09:11:42 â± execution time of 'user_accounts': 0.0000 s â± 
09:11:42 â± execution time of 'god_mode': 0.0000 s â± 
09:11:42 â± execution time of 'access_granted': 0.0000 s â± 
09:11:42 â± execution time of 'login_section': 0.0000 s â± 
09:11:42 â± execution time of 'display_login_page': 0.0160 s â± 
09:11:42 ðŸ¥³ 00_ðŸ”‘_login -> <module> -> line: 149 | Login Page Loaded ðŸ¥³ 


09:11:44 âœ¨ NEW RUN âœ¨ 

09:11:44 ðŸ‘‰ function 'page_header_setup' started ðŸ‘ˆ 

09:11:44 ðŸ‘‰ function 'render_svg' started ðŸ‘ˆ 
09:11:44 â± execution time of 'render_svg': 0.0000 s â± 
09:11:44 ðŸ‘Ÿ setup_stuff -> page_header_setup -> line: 159 | page header for page 'login' created ðŸ‘Ÿ 
09:11:44 â± execution time of 'page_header_setup': 0.0000 s â± 

09:11:44 ðŸ‘‰ function 'display_login_page' started ðŸ‘ˆ 

09:11:44 ðŸ‘‰ function 'login_section' started ðŸ‘ˆ 

09:11:44 ðŸ‘‰ function 'access_granted' started ðŸ‘ˆ 

09:11:44 ðŸ‘‰ function 'god_mode' started ðŸ‘ˆ 

09:11:44 ðŸ‘‰ function 'user_accounts' started ðŸ‘ˆ 

09:11:44 ðŸ‘‰ function 'list_all_accounts' started ðŸ‘ˆ 

09:11:44 ðŸ‘‰ function 'get_all_user_data' started ðŸ‘ˆ 

09:11:44 ðŸ‘‰ function 'connect_database' started ðŸ‘ˆ 
09:11:44 ðŸ¥³ user_authentication -> connect_database -> line: 124 | Deta-Database connection established ðŸ¥³ 
09:11:44 â± execution time of 'connect_database': 0.0000 s â± 
09:11:44 ðŸ¥³ user_authentication -> get_all_user_data -> line: 158 | Collected all user data from Database ðŸ¥³ 
09:11:44 â± execution time of 'get_all_user_data': 0.1710 s â± 
09:11:44 â± execution time of 'list_all_accounts': 0.1710 s â± 
09:11:44 â± execution time of 'user_accounts': 0.1710 s â± 
09:11:44 â± execution time of 'god_mode': 0.1870 s â± 
09:11:44 â± execution time of 'access_granted': 0.2030 s â± 
09:11:44 â± execution time of 'login_section': 0.2030 s â± 
09:11:44 â± execution time of 'display_login_page': 0.2030 s â± 
09:11:44 ðŸ¥³ 00_ðŸ”‘_login -> <module> -> line: 149 | Login Page Loaded ðŸ¥³ 


09:12:31 âœ¨ NEW RUN âœ¨ 

09:12:31 ðŸ‘‰ function 'page_header_setup' started ðŸ‘ˆ 

09:12:31 ðŸ‘‰ function 'render_svg' started ðŸ‘ˆ 
09:12:31 â± execution time of 'render_svg': 0.0160 s â± 
09:12:31 ðŸ‘Ÿ setup_stuff -> page_header_setup -> line: 159 | page header for page 'login' created ðŸ‘Ÿ 
09:12:31 â± execution time of 'page_header_setup': 0.0160 s â± 

09:12:31 ðŸ‘‰ function 'display_login_page' started ðŸ‘ˆ 

09:12:31 ðŸ‘‰ function 'login_section' started ðŸ‘ˆ 

09:12:31 ðŸ‘‰ function 'access_granted' started ðŸ‘ˆ 

09:12:31 ðŸ‘‰ function 'god_mode' started ðŸ‘ˆ 

09:12:31 ðŸ‘‰ function 'user_accounts' started ðŸ‘ˆ 

09:12:31 ðŸ‘‰ function 'new_user_form' started ðŸ‘ˆ 
09:12:31 â± execution time of 'new_user_form': 0.0000 s â± 
09:12:31 â± execution time of 'user_accounts': 0.0000 s â± 
09:12:31 â± execution time of 'god_mode': 0.0000 s â± 
09:12:31 â± execution time of 'access_granted': 0.0150 s â± 
09:12:31 â± execution time of 'login_section': 0.0310 s â± 
09:12:31 â± execution time of 'display_login_page': 0.0310 s â± 
09:12:31 ðŸ¥³ 00_ðŸ”‘_login -> <module> -> line: 149 | Login Page Loaded ðŸ¥³ 

09:12:40 ðŸ‘‰ function 'start_end_time' started ðŸ‘ˆ 
09:12:40 â± execution time of 'start_end_time': 0.0000 s â± 


09:12:40 âœ¨ NEW RUN âœ¨ 

09:12:40 ðŸ‘‰ function 'page_header_setup' started ðŸ‘ˆ 

09:12:40 ðŸ‘‰ function 'render_svg' started ðŸ‘ˆ 
09:12:40 â± execution time of 'render_svg': 0.0000 s â± 
09:12:40 ðŸ‘Ÿ setup_stuff -> page_header_setup -> line: 159 | page header for page 'login' created ðŸ‘Ÿ 
09:12:40 â± execution time of 'page_header_setup': 0.0000 s â± 

09:12:40 ðŸ‘‰ function 'display_login_page' started ðŸ‘ˆ 

09:12:40 ðŸ‘‰ function 'login_section' started ðŸ‘ˆ 

09:12:40 ðŸ‘‰ function 'access_granted' started ðŸ‘ˆ 

09:12:40 ðŸ‘‰ function 'god_mode' started ðŸ‘ˆ 

09:12:40 ðŸ‘‰ function 'user_accounts' started ðŸ‘ˆ 
09:12:40 â± execution time of 'user_accounts': 0.0000 s â± 
09:12:40 â± execution time of 'god_mode': 0.0000 s â± 
09:12:40 â± execution time of 'access_granted': 0.0000 s â± 
09:12:40 â± execution time of 'login_section': 0.0000 s â± 
09:12:40 â± execution time of 'display_login_page': 0.0310 s â± 
09:12:40 ðŸ¥³ 00_ðŸ”‘_login -> <module> -> line: 149 | Login Page Loaded ðŸ¥³ 


09:12:51 âœ¨ NEW RUN âœ¨ 

09:12:51 ðŸ‘‰ function 'page_header_setup' started ðŸ‘ˆ 

09:12:51 ðŸ‘‰ function 'render_svg' started ðŸ‘ˆ 
09:12:51 â± execution time of 'render_svg': 0.0160 s â± 
09:12:51 ðŸ‘Ÿ setup_stuff -> page_header_setup -> line: 159 | page header for page 'login' created ðŸ‘Ÿ 
09:12:51 â± execution time of 'page_header_setup': 0.0310 s â± 

09:12:51 ðŸ‘‰ function 'display_login_page' started ðŸ‘ˆ 

09:12:51 ðŸ‘‰ function 'login_section' started ðŸ‘ˆ 

09:12:51 ðŸ‘‰ function 'access_granted' started ðŸ‘ˆ 

09:12:51 ðŸ‘‰ function 'god_mode' started ðŸ‘ˆ 

09:12:51 ðŸ‘‰ function 'user_accounts' started ðŸ‘ˆ 

09:12:51 ðŸ‘‰ function 'new_user_form' started ðŸ‘ˆ 
09:12:51 â± execution time of 'new_user_form': 0.0000 s â± 
09:12:51 â± execution time of 'user_accounts': 0.0000 s â± 
09:12:51 â± execution time of 'god_mode': 0.0000 s â± 
09:12:51 â± execution time of 'access_granted': 0.0000 s â± 
09:12:51 â± execution time of 'login_section': 0.0160 s â± 
09:12:51 â± execution time of 'display_login_page': 0.0160 s â± 
09:12:51 ðŸ¥³ 00_ðŸ”‘_login -> <module> -> line: 149 | Login Page Loaded ðŸ¥³ 


09:12:56 âœ¨ NEW RUN âœ¨ 

09:12:56 ðŸ‘‰ function 'page_header_setup' started ðŸ‘ˆ 

09:12:56 ðŸ‘‰ function 'render_svg' started ðŸ‘ˆ 
09:12:56 â± execution time of 'render_svg': 0.0000 s â± 
09:12:56 ðŸ‘Ÿ setup_stuff -> page_header_setup -> line: 159 | page header for page 'login' created ðŸ‘Ÿ 
09:12:56 â± execution time of 'page_header_setup': 0.0000 s â± 

09:12:56 ðŸ‘‰ function 'display_login_page' started ðŸ‘ˆ 

09:12:56 ðŸ‘‰ function 'login_section' started ðŸ‘ˆ 

09:12:56 ðŸ‘‰ function 'access_granted' started ðŸ‘ˆ 

09:12:56 ðŸ‘‰ function 'god_mode' started ðŸ‘ˆ 

09:12:56 ðŸ‘‰ function 'user_accounts' started ðŸ‘ˆ 
09:12:56 â± execution time of 'user_accounts': 0.0160 s â± 
09:12:56 â± execution time of 'god_mode': 0.0160 s â± 
09:12:56 â± execution time of 'access_granted': 0.0160 s â± 
09:12:56 â± execution time of 'login_section': 0.0160 s â± 
09:12:56 â± execution time of 'display_login_page': 0.0160 s â± 
09:12:56 ðŸ¥³ 00_ðŸ”‘_login -> <module> -> line: 149 | Login Page Loaded ðŸ¥³ 


09:12:58 âœ¨ NEW RUN âœ¨ 

09:12:58 ðŸ‘‰ function 'page_header_setup' started ðŸ‘ˆ 

09:12:58 ðŸ‘‰ function 'render_svg' started ðŸ‘ˆ 
09:12:58 â± execution time of 'render_svg': 0.0000 s â± 
09:12:58 ðŸ‘Ÿ setup_stuff -> page_header_setup -> line: 159 | page header for page 'login' created ðŸ‘Ÿ 
09:12:58 â± execution time of 'page_header_setup': 0.0000 s â± 

09:12:58 ðŸ‘‰ function 'display_login_page' started ðŸ‘ˆ 

09:12:58 ðŸ‘‰ function 'login_section' started ðŸ‘ˆ 

09:12:58 ðŸ‘‰ function 'access_granted' started ðŸ‘ˆ 

09:12:58 ðŸ‘‰ function 'god_mode' started ðŸ‘ˆ 

09:12:58 ðŸ‘‰ function 'user_accounts' started ðŸ‘ˆ 

09:12:58 ðŸ‘‰ function 'list_all_accounts' started ðŸ‘ˆ 

09:12:58 ðŸ‘‰ function 'get_all_user_data' started ðŸ‘ˆ 

09:12:58 ðŸ‘‰ function 'connect_database' started ðŸ‘ˆ 
09:12:58 ðŸ¥³ user_authentication -> connect_database -> line: 124 | Deta-Database connection established ðŸ¥³ 
09:12:58 â± execution time of 'connect_database': 0.0160 s â± 
09:12:58 ðŸ¥³ user_authentication -> get_all_user_data -> line: 158 | Collected all user data from Database ðŸ¥³ 
09:12:58 â± execution time of 'get_all_user_data': 0.1250 s â± 
09:12:58 â± execution time of 'list_all_accounts': 0.1250 s â± 
09:12:58 â± execution time of 'user_accounts': 0.1250 s â± 
09:12:58 â± execution time of 'god_mode': 0.1250 s â± 
09:12:58 â± execution time of 'access_granted': 0.1410 s â± 
09:12:58 â± execution time of 'login_section': 0.1410 s â± 
09:12:58 â± execution time of 'display_login_page': 0.1560 s â± 
09:12:58 ðŸ¥³ 00_ðŸ”‘_login -> <module> -> line: 149 | Login Page Loaded ðŸ¥³ 


09:13:04 âœ¨ NEW RUN âœ¨ 

09:13:04 ðŸ‘‰ function 'page_header_setup' started ðŸ‘ˆ 

09:13:04 ðŸ‘‰ function 'render_svg' started ðŸ‘ˆ 
09:13:04 â± execution time of 'render_svg': 0.0000 s â± 
09:13:04 ðŸ‘Ÿ setup_stuff -> page_header_setup -> line: 159 | page header for page 'login' created ðŸ‘Ÿ 
09:13:04 â± execution time of 'page_header_setup': 0.0000 s â± 

09:13:04 ðŸ‘‰ function 'display_login_page' started ðŸ‘ˆ 

09:13:04 ðŸ‘‰ function 'login_section' started ðŸ‘ˆ 

09:13:04 ðŸ‘‰ function 'access_granted' started ðŸ‘ˆ 

09:13:04 ðŸ‘‰ function 'god_mode' started ðŸ‘ˆ 

09:13:04 ðŸ‘‰ function 'user_accounts' started ðŸ‘ˆ 

09:13:04 ðŸ‘‰ function 'delete_user_form' started ðŸ‘ˆ 

09:13:04 ðŸ‘‰ function 'get_all_user_data' started ðŸ‘ˆ 

09:13:04 ðŸ‘‰ function 'connect_database' started ðŸ‘ˆ 
09:13:04 ðŸ¥³ user_authentication -> connect_database -> line: 124 | Deta-Database connection established ðŸ¥³ 
09:13:04 â± execution time of 'connect_database': 0.0160 s â± 
09:13:04 ðŸ¥³ user_authentication -> get_all_user_data -> line: 158 | Collected all user data from Database ðŸ¥³ 
09:13:04 â± execution time of 'get_all_user_data': 0.1410 s â± 
09:13:04 â± execution time of 'delete_user_form': 0.1410 s â± 
09:13:04 â± execution time of 'user_accounts': 0.1410 s â± 
09:13:04 â± execution time of 'god_mode': 0.1410 s â± 
09:13:04 â± execution time of 'access_granted': 0.1560 s â± 
09:13:04 â± execution time of 'login_section': 0.1560 s â± 
09:13:04 â± execution time of 'display_login_page': 0.1710 s â± 
09:13:04 ðŸ¥³ 00_ðŸ”‘_login -> <module> -> line: 149 | Login Page Loaded ðŸ¥³ 


09:13:14 âœ¨ NEW RUN âœ¨ 

09:13:14 ðŸ‘‰ function 'page_header_setup' started ðŸ‘ˆ 

09:13:14 ðŸ‘‰ function 'render_svg' started ðŸ‘ˆ 
09:13:14 â± execution time of 'render_svg': 0.0000 s â± 
09:13:14 ðŸ‘Ÿ setup_stuff -> page_header_setup -> line: 159 | page header for page 'login' created ðŸ‘Ÿ 
09:13:14 â± execution time of 'page_header_setup': 0.0160 s â± 

09:13:14 ðŸ‘‰ function 'display_login_page' started ðŸ‘ˆ 

09:13:14 ðŸ‘‰ function 'login_section' started ðŸ‘ˆ 

09:13:14 ðŸ‘‰ function 'access_granted' started ðŸ‘ˆ 

09:13:15 ðŸ‘‰ function 'god_mode' started ðŸ‘ˆ 

09:13:15 ðŸ‘‰ function 'user_accounts' started ðŸ‘ˆ 
09:13:15 â± execution time of 'user_accounts': 0.0000 s â± 
09:13:15 â± execution time of 'god_mode': 0.0000 s â± 
09:13:15 â± execution time of 'access_granted': 0.0000 s â± 
09:13:15 â± execution time of 'login_section': 0.0000 s â± 
09:13:15 â± execution time of 'display_login_page': 0.0310 s â± 
09:13:15 ðŸ¥³ 00_ðŸ”‘_login -> <module> -> line: 149 | Login Page Loaded ðŸ¥³ 

09:13:27 ðŸ‘‰ function 'start_end_time' started ðŸ‘ˆ 
09:13:27 â± execution time of 'start_end_time': 0.0000 s â± 


09:13:27 âœ¨ NEW RUN âœ¨ 

09:13:27 ðŸ‘‰ function 'page_header_setup' started ðŸ‘ˆ 

09:13:27 ðŸ‘‰ function 'render_svg' started ðŸ‘ˆ 
09:13:27 â± execution time of 'render_svg': 0.0000 s â± 
09:13:27 ðŸ‘Ÿ setup_stuff -> page_header_setup -> line: 159 | page header for page 'login' created ðŸ‘Ÿ 
09:13:27 â± execution time of 'page_header_setup': 0.0000 s â± 

09:13:27 ðŸ‘‰ function 'display_login_page' started ðŸ‘ˆ 

09:13:27 ðŸ‘‰ function 'login_section' started ðŸ‘ˆ 

09:13:27 ðŸ‘‰ function 'access_granted' started ðŸ‘ˆ 

09:13:27 ðŸ‘‰ function 'god_mode' started ðŸ‘ˆ 

09:13:27 ðŸ‘‰ function 'user_accounts' started ðŸ‘ˆ 

09:13:27 ðŸ‘‰ function 'delete_user_form' started ðŸ‘ˆ 

09:13:27 ðŸ‘‰ function 'get_all_user_data' started ðŸ‘ˆ 

09:13:27 ðŸ‘‰ function 'connect_database' started ðŸ‘ˆ 
09:13:27 ðŸ¥³ user_authentication -> connect_database -> line: 124 | Deta-Database connection established ðŸ¥³ 
09:13:27 â± execution time of 'connect_database': 0.0000 s â± 
09:13:27 ðŸ¥³ user_authentication -> get_all_user_data -> line: 158 | Collected all user data from Database ðŸ¥³ 
09:13:27 â± execution time of 'get_all_user_data': 0.1880 s â± 
09:13:27 â± execution time of 'delete_user_form': 0.2030 s â± 
09:13:27 â± execution time of 'user_accounts': 0.2030 s â± 
09:13:27 â± execution time of 'god_mode': 0.2030 s â± 
09:13:27 â± execution time of 'access_granted': 0.2190 s â± 
09:13:27 â± execution time of 'login_section': 0.2190 s â± 
09:13:27 â± execution time of 'display_login_page': 0.2190 s â± 
09:13:27 ðŸ¥³ 00_ðŸ”‘_login -> <module> -> line: 149 | Login Page Loaded ðŸ¥³ 


09:13:41 âœ¨ NEW RUN âœ¨ 

09:13:41 ðŸ‘‰ function 'page_header_setup' started ðŸ‘ˆ 

09:13:41 ðŸ‘‰ function 'render_svg' started ðŸ‘ˆ 
09:13:41 â± execution time of 'render_svg': 0.0000 s â± 
09:13:41 ðŸ‘Ÿ setup_stuff -> page_header_setup -> line: 159 | page header for page 'login' created ðŸ‘Ÿ 
09:13:41 â± execution time of 'page_header_setup': 0.0160 s â± 

09:13:41 ðŸ‘‰ function 'display_login_page' started ðŸ‘ˆ 

09:13:41 ðŸ‘‰ function 'login_section' started ðŸ‘ˆ 

09:13:41 ðŸ‘‰ function 'access_granted' started ðŸ‘ˆ 

09:13:41 ðŸ‘‰ function 'god_mode' started ðŸ‘ˆ 

09:13:41 ðŸ‘‰ function 'user_accounts' started ðŸ‘ˆ 
09:13:41 â± execution time of 'user_accounts': 0.0000 s â± 
09:13:41 â± execution time of 'god_mode': 0.0150 s â± 
09:13:41 â± execution time of 'access_granted': 0.0150 s â± 
09:13:41 â± execution time of 'login_section': 0.0150 s â± 
09:13:41 â± execution time of 'display_login_page': 0.0310 s â± 
09:13:41 ðŸ¥³ 00_ðŸ”‘_login -> <module> -> line: 149 | Login Page Loaded ðŸ¥³ 
