

08:18:54 | 🔥 | setup_stuff -> logger_setup -> line: 165 | 🚀 Session Started, Log Initiated 🚀 | 🔥 |


08:18:54 | ⏱  | execution time of 'logger_setup': 0.0414 s | ⏱  |
08:18:54 | 🥳 | general_functions -> render_svg -> line: 134 | svg-Datei 'logo/UTEC_logo_text.svg' codiert | 🥳 |
08:18:54 | ⏱  | execution time of 'render_svg': 0.0053 s | ⏱  |
08:19:02 | ⏱  | execution time of 'get_commit_message_date': 2.8963 s | ⏱  |
08:19:02 | ⏱  | execution time of 'get_commit_message_date': 0.7937 s | ⏱  |
08:19:02 | 🥳 | user_authentication -> connect_database -> line: 72 | Deta-Database connection established | 🥳 |
08:19:02 | ⏱  | execution time of 'connect_database': 0.0273 s | ⏱  |
08:19:03 | 🥳 | user_authentication -> get_all_user_data -> line: 105 | Collected all user data from Database | 🥳 |
08:19:03 | ⏱  | execution time of 'get_all_user_data': 0.1891 s | ⏱  |
08:19:03 | 👟 | setup_stuff -> initial_setup -> line: 111 | initial setup done | 👟 |
08:19:03 | 👟 | setup_stuff -> page_header_setup -> line: 209 | page header for page 'login' created | 👟 |
08:19:03 | ⏱  | execution time of 'page_header_setup': 0.0076 s | ⏱  |
08:19:03 | ⏱  | execution time of 'login_section': 0.0168 s | ⏱  |
08:19:03 | ⏱  | execution time of 'display_login_page': 0.0546 s | ⏱  |
08:19:11 | 👟 | setup_stuff -> page_header_setup -> line: 209 | page header for page 'login' created | 👟 |
08:19:11 | ⏱  | execution time of 'page_header_setup': 0.0111 s | ⏱  |
08:19:11 | 🥳 | 🔑_login -> access_granted -> line: 79 | logged in as: fl, access level: god | 🥳 |
08:19:11 | ⏱  | execution time of 'login_section': 0.0125 s | ⏱  |
08:19:11 | ⏱  | execution time of 'display_login_page': 0.0347 s | ⏱  |
08:19:12 | 👟 | setup_stuff -> page_header_setup -> line: 209 | page header for page 'login' created | 👟 |
08:19:12 | ⏱  | execution time of 'page_header_setup': 0.0057 s | ⏱  |
08:19:12 | ⏱  | execution time of 'login_section': 0.014 s | ⏱  |
08:19:12 | ⏱  | execution time of 'display_login_page': 0.0339 s | ⏱  |


10:41:57 | 🔥 | setup_stuff -> logger_setup -> line: 165 | 🚀 Session Started, Log Initiated 🚀 | 🔥 |


10:41:57 | ⏱  | execution time of 'logger_setup': 0.0407 s | ⏱  |
10:41:57 | 🥳 | general_functions -> render_svg -> line: 107 | svg-Datei 'logo/UTEC_logo_text.svg' codiert | 🥳 |
10:41:57 | ⏱  | execution time of 'render_svg': 0.0044 s | ⏱  |
10:42:04 | ⏱  | execution time of 'get_commit_message_date': 2.7056 s | ⏱  |
10:42:05 | ⏱  | execution time of 'get_commit_message_date': 0.8032 s | ⏱  |
10:42:05 | 🥳 | user_authentication -> connect_database -> line: 72 | Deta-Database connection established | 🥳 |
10:42:05 | ⏱  | execution time of 'connect_database': 0.0372 s | ⏱  |
10:42:05 | 🥳 | user_authentication -> get_all_user_data -> line: 105 | Collected all user data from Database | 🥳 |
10:42:05 | ⏱  | execution time of 'get_all_user_data': 0.1987 s | ⏱  |
10:42:05 | 👟 | setup_stuff -> initial_setup -> line: 111 | initial setup done | 👟 |
10:42:05 | 👟 | setup_stuff -> page_header_setup -> line: 209 | page header for page 'login' created | 👟 |
10:42:05 | ⏱  | execution time of 'page_header_setup': 0.0122 s | ⏱  |
10:42:05 | ⏱  | execution time of 'login_section': 0.0266 s | ⏱  |
10:42:05 | ⏱  | execution time of 'display_login_page': 0.0583 s | ⏱  |
10:42:13 | 👟 | setup_stuff -> page_header_setup -> line: 209 | page header for page 'login' created | 👟 |
10:42:13 | ⏱  | execution time of 'page_header_setup': 0.0054 s | ⏱  |
10:42:13 | 🥳 | 🔑_login -> access_granted -> line: 79 | logged in as: fl, access level: god | 🥳 |
10:42:13 | ⏱  | execution time of 'login_section': 0.0135 s | ⏱  |
10:42:13 | ⏱  | execution time of 'display_login_page': 0.0474 s | ⏱  |
10:42:14 | 👟 | setup_stuff -> page_header_setup -> line: 209 | page header for page 'login' created | 👟 |
10:42:14 | ⏱  | execution time of 'page_header_setup': 0.0064 s | ⏱  |
10:42:14 | ⏱  | execution time of 'login_section': 0.0085 s | ⏱  |
10:42:14 | ⏱  | execution time of 'display_login_page': 0.0283 s | ⏱  |
10:42:19 | 👟 | setup_stuff -> page_header_setup -> line: 209 | page header for page 'graph' created | 👟 |
10:42:19 | ⏱  | execution time of 'page_header_setup': 0.0074 s | ⏱  |
10:42:35 | 👟 | setup_stuff -> page_header_setup -> line: 209 | page header for page 'graph' created | 👟 |
10:42:35 | ⏱  | execution time of 'page_header_setup': 0.009 s | ⏱  |
10:42:43 | ⚠️ | df_manip -> clean_up_daylight_savings -> line: 125 | Data deleted due to daylight savings: | ⚠️ |
10:42:43 | ⚠️ | df_manip -> clean_up_daylight_savings -> line: 126 | 
7                    Strombedarf  PV Produktion  Netzeinspeisung  PV Eigennutzung  Strombez. 1-1:1.29.0
↓ Index ↓                                                                                              
2021-10-31 02:00:00        2.475            0.0              0.0              0.0                 2.475
2021-10-31 02:15:00        2.550            0.0              0.0              0.0                 2.550
2021-10-31 02:30:00        2.175            0.0              0.0              0.0                 2.175
2021-10-31 02:45:00        2.075            0.0              0.0              0.0                 2.075
 | ⚠️ |
10:42:43 | ⏱  | execution time of 'clean_up_daylight_savings': 0.0531 s | ⏱  |
10:42:43 | ⏱  | execution time of 'edit_df_after_import': 0.3458 s | ⏱  |
10:42:43 | ⏱  | execution time of 'units_from_messy_df': 0.0927 s | ⏱  |
10:42:43 | ⏱  | execution time of 'meta_from_index': 0.0282 s | ⏱  |
10:42:43 | ⏱  | execution time of 'meta_from_col_title': 0.001 s | ⏱  |
10:42:43 | 🥳 | excel -> convert_15min_kwh_to_kw -> line: 282 | Arbeit und Leistung aufgeteilt | 🥳 |
10:42:43 | 🥳 | excel -> convert_15min_kwh_to_kw -> line: 282 | Arbeit und Leistung aufgeteilt | 🥳 |
10:42:43 | 🥳 | excel -> convert_15min_kwh_to_kw -> line: 282 | Arbeit und Leistung aufgeteilt | 🥳 |
10:42:43 | 🥳 | excel -> convert_15min_kwh_to_kw -> line: 282 | Arbeit und Leistung aufgeteilt | 🥳 |
10:42:43 | 🥳 | excel -> convert_15min_kwh_to_kw -> line: 282 | Arbeit und Leistung aufgeteilt | 🥳 |
10:42:44 | ⏱  | execution time of 'convert_15min_kwh_to_kw': 0.0142 s | ⏱  |
10:42:44 | ⏱  | execution time of 'set_y_axis_for_lines': 0.0004 s | ⏱  |
10:42:44 | 🥳 | excel -> import_prefab_excel -> line: 56 | file imported as DataFrame | 🥳 |
10:42:44 | 👉 | excel -> import_prefab_excel -> line: 57 | None | 👈 |
10:42:44 | ⏱  | execution time of 'import_prefab_excel': 7.987 s | ⏱  |
10:42:44 | 🥳 | df_manip -> h_from_other -> line: 291 | DataFrame mit Stundenwerten erstellt | 🥳 |
10:42:44 | 👉 | df_manip -> h_from_other -> line: 292 | 
                     Strombedarf *h  PV Produktion *h  Netzeinspeisung *h  PV Eigennutzung *h  Bezug (1-1:1.29) *h              orgidx
↓ Index ↓                                                                                                                             
2021-01-01 00:00:00          13.325               0.0                 0.0                 0.0               13.325 2021-01-01 00:00:00
2021-01-01 01:00:00          14.550               0.0                 0.0                 0.0               14.550 2021-01-01 01:00:00
2021-01-01 02:00:00          11.350               0.0                 0.0                 0.0               11.350 2021-01-01 02:00:00
2021-01-01 03:00:00          10.725               0.0                 0.0                 0.0               10.725 2021-01-01 03:00:00
2021-01-01 04:00:00           9.300               0.0                 0.0                 0.0                9.300 2021-01-01 04:00:00
 | 👈 |
10:42:44 | ⏱  | execution time of 'h_from_other': 0.0759 s | ⏱  |
10:42:44 | 🥳 | df_manip -> jdl -> line: 345 | DataFrame für Jahresdauerlinie erstellt | 🥳 |
10:42:44 | 👉 | df_manip -> jdl -> line: 346 | 
   Strombedarf *h  PV Produktion *h  Netzeinspeisung *h  PV Eigennutzung *h  ...  PV Produktion *h_orgidx Netzeinspeisung *h_orgidx PV Eigennutzung *h_orgidx Bezug (1-1:1.29) *h_orgidx
1          36.225            43.350              27.025              24.975  ...      2021-04-27 13:00:00       2021-04-27 13:00:00       2021-04-24 15:00:00        2021-11-18 19:00:00
2          34.650            42.175              24.850              24.600  ...      2021-04-13 13:00:00       2021-04-26 13:00:00       2021-04-24 16:00:00        2021-01-30 17:00:00
3          34.550            40.375              23.100              23.600  ...      2021-05-30 14:00:00       2021-04-28 15:00:00       2021-04-24 13:00:00        2021-01-23 18:00:00
4          34.450            40.350              22.975              23.475  ...      2021-04-27 12:00:00       2021-04-13 13:00:00       2021-05-30 11:00:00        2021-02-07 19:00:00
5          34.450            39.700              22.100              23.400  ...      2021-04-26 13:00:00       2021-05-06 13:00:00       2021-04-17 13:00:00        2021-01-19 18:00:00

[5 rows x 10 columns]
 | 👈 |
10:42:44 | ⏱  | execution time of 'jdl': 0.1712 s | ⏱  |
10:42:44 | 🥳 | df_manip -> h_from_other -> line: 291 | DataFrame mit Stundenwerten erstellt | 🥳 |
10:42:44 | 👉 | df_manip -> h_from_other -> line: 292 | 
                     Strombedarf *h  PV Produktion *h  Netzeinspeisung *h  PV Eigennutzung *h  Bezug (1-1:1.29) *h              orgidx
↓ Index ↓                                                                                                                             
2021-01-01 00:00:00          13.325               0.0                 0.0                 0.0               13.325 2021-01-01 00:00:00
2021-01-01 01:00:00          14.550               0.0                 0.0                 0.0               14.550 2021-01-01 01:00:00
2021-01-01 02:00:00          11.350               0.0                 0.0                 0.0               11.350 2021-01-01 02:00:00
2021-01-01 03:00:00          10.725               0.0                 0.0                 0.0               10.725 2021-01-01 03:00:00
2021-01-01 04:00:00           9.300               0.0                 0.0                 0.0                9.300 2021-01-01 04:00:00
 | 👈 |
10:42:44 | ⏱  | execution time of 'h_from_other': 0.0467 s | ⏱  |
10:42:44 | 🥳 | df_manip -> mon -> line: 386 | DataFrame mit Monatswerten erstellt | 🥳 |
10:42:44 | 👉 | df_manip -> mon -> line: 387 | 
            Strombedarf *mon  PV Produktion *mon  Netzeinspeisung *mon  PV Eigennutzung *mon  Bezug (1-1:1.29) *mon     orgidx
2021-01-15         13100.800             801.150                 1.950                799.20              12301.600 2021-01-15
2021-02-15         11460.800            1629.025                83.775               1545.25               9915.550 2021-02-15
2021-03-15         12272.500            3948.400               730.800               3217.60               9054.900 2021-03-15
2021-04-15         11587.775            6171.075              1820.375               4350.70               7237.075 2021-04-15
2021-05-15         11830.100            6227.375              1592.225               4635.15               7194.950 2021-05-15
 | 👈 |
10:42:44 | ⏱  | execution time of 'mon': 0.1423 s | ⏱  |
10:42:54 | ⏱  | execution time of 'line_plot': 9.6655 s | ⏱  |
10:42:55 | 👉 | fig_annotations -> middle_xaxis -> line: 47 | middle of x-axis: 2021-07-02 12:52:30 | 👈 |
10:42:55 | ⏱  | execution time of 'middle_xaxis': 0.0244 s | ⏱  |
10:42:55 | 🥳 | fig_annotations -> add_arrows_min_max -> line: 171 | Max / Min arrows added to figure | 🥳 |
10:42:55 | ⏱  | execution time of 'add_arrows_min_max': 0.3366 s | ⏱  |
10:43:00 | ⏱  | execution time of 'smooth': 4.9158 s | ⏱  |
10:43:00 | ⏱  | execution time of 'format_tickstops': 0.0001 s | ⏱  |
10:43:00 | ⏱  | execution time of 'standard_xaxis': 0.1872 s | ⏱  |
10:43:00 | ⏱  | execution time of 'standard_yaxis': 0.1016 s | ⏱  |
10:43:00 | ⏱  | execution time of 'standard_layout': 0.1373 s | ⏱  |
10:43:00 | ⏱  | execution time of 'standard_axes_and_layout': 0.4534 s | ⏱  |
10:43:00 | ⏱  | execution time of 'cr_fig_base': 16.4751 s | ⏱  |
10:43:01 | ⏱  | execution time of 'line_plot': 0.6181 s | ⏱  |
10:43:01 | 👉 | fig_annotations -> middle_xaxis -> line: 50 | middle of x-axis: 4380.5 | 👈 |
10:43:01 | ⏱  | execution time of 'middle_xaxis': 0.0073 s | ⏱  |
10:43:01 | 🥳 | fig_annotations -> add_arrows_min_max -> line: 171 | Max / Min arrows added to figure | 🥳 |
10:43:01 | ⏱  | execution time of 'add_arrows_min_max': 0.0658 s | ⏱  |
10:43:01 | ⏱  | execution time of 'standard_xaxis': 0.0125 s | ⏱  |
10:43:01 | ⏱  | execution time of 'standard_yaxis': 0.0037 s | ⏱  |
10:43:01 | ⏱  | execution time of 'standard_layout': 0.0136 s | ⏱  |
10:43:01 | ⏱  | execution time of 'standard_axes_and_layout': 0.0395 s | ⏱  |
10:43:01 | ⏱  | execution time of 'cr_fig_jdl': 0.7421 s | ⏱  |
10:43:01 | ⏱  | execution time of 'line_plot': 0.0116 s | ⏱  |
10:43:01 | 👉 | fig_annotations -> middle_xaxis -> line: 47 | middle of x-axis: 2021-07-01 01:00:00 | 👈 |
10:43:01 | ⏱  | execution time of 'middle_xaxis': 0.0029 s | ⏱  |
10:43:01 | 🥳 | fig_annotations -> add_arrows_min_max -> line: 171 | Max / Min arrows added to figure | 🥳 |
10:43:01 | ⏱  | execution time of 'add_arrows_min_max': 0.0385 s | ⏱  |
10:43:01 | ⏱  | execution time of 'format_tickstops': 0.0 s | ⏱  |
10:43:01 | ⏱  | execution time of 'standard_xaxis': 0.0121 s | ⏱  |
10:43:01 | ⏱  | execution time of 'standard_yaxis': 0.0039 s | ⏱  |
10:43:01 | ⏱  | execution time of 'standard_layout': 0.0123 s | ⏱  |
10:43:01 | ⏱  | execution time of 'standard_axes_and_layout': 0.0393 s | ⏱  |
10:43:01 | ⏱  | execution time of 'cr_fig_mon': 0.1238 s | ⏱  |
10:43:02 | ⏱  | execution time of 'show_traces': 0.0327 s | ⏱  |
10:43:02 | ⏱  | execution time of 'format_traces': 0.0298 s | ⏱  |
10:43:02 | ⏱  | execution time of 'show_y_axes': 0.0194 s | ⏱  |
10:43:02 | ⏱  | execution time of 'update_main': 0.124 s | ⏱  |
10:43:02 | ⏱  | execution time of 'show_traces': 0.0087 s | ⏱  |
10:43:02 | ⏱  | execution time of 'format_traces': 0.0169 s | ⏱  |
10:43:02 | ⏱  | execution time of 'show_y_axes': 0.0095 s | ⏱  |
10:43:02 | ⏱  | execution time of 'update_main': 0.0556 s | ⏱  |
10:43:02 | ⏱  | execution time of 'show_traces': 0.007 s | ⏱  |
10:43:02 | ⏱  | execution time of 'format_traces': 0.0173 s | ⏱  |
10:43:02 | ⏱  | execution time of 'show_y_axes': 0.0088 s | ⏱  |
10:43:02 | ⏱  | execution time of 'update_main': 0.0503 s | ⏱  |
10:43:18 | ⏱  | execution time of 'plot_figs': 16.1673 s | ⏱  |
